Log file open, 10/19/21 23:03:01
LogWindows: Failed to load 'aqProf.dll' (GetLastError=126)
LogWindows: File 'aqProf.dll' does not exist
LogWindows: Failed to load 'VtuneApi.dll' (GetLastError=126)
LogWindows: File 'VtuneApi.dll' does not exist
LogWindows: Failed to load 'VtuneApi32e.dll' (GetLastError=126)
LogWindows: File 'VtuneApi32e.dll' does not exist
LogConsoleResponse: Display: Failed to find resolution value strings in scalability ini. Falling back to default.
LogConsoleResponse: Display: Failed to find resolution value strings in scalability ini. Falling back to default.
LogInit: Display: Running engine for game: UnrealAsteroids_CPP
LogPlatformFile: Not using cached read wrapper
LogTaskGraph: Started task graph with 5 named threads and 35 total threads with 3 sets of task threads.
LogStats: Stats thread started at 0.783491
LogICUInternationalization: ICU TimeZone Detection - Raw Offset: -5:00, Platform Override: ''
LogInit: Display: Loading text-based GConfig....
LogPluginManager: Mounting plugin MeshPainting
LogPluginManager: Mounting plugin XGEController
LogPluginManager: Mounting plugin Paper2D
LogPluginManager: Mounting plugin LiveLink
LogPluginManager: Mounting plugin EnvironmentQueryEditor
LogPluginManager: Mounting plugin AISupport
LogPluginManager: Mounting plugin LightPropagationVolume
LogPluginManager: Mounting plugin CameraShakePreviewer
LogPluginManager: Mounting plugin GameplayCameras
LogPluginManager: Mounting plugin AssetManagerEditor
LogPluginManager: Mounting plugin CryptoKeys
LogPluginManager: Mounting plugin CurveEditorTools
LogPluginManager: Mounting plugin FacialAnimation
LogPluginManager: Mounting plugin MacGraphicsSwitching
LogPluginManager: Mounting plugin GeometryMode
LogPluginManager: Mounting plugin DataValidation
LogPluginManager: Mounting plugin GameplayTagsEditor
LogPluginManager: Mounting plugin MaterialAnalyzer
LogPluginManager: Mounting plugin PluginBrowser
LogPluginManager: Mounting plugin CLionSourceCodeAccess
LogPluginManager: Mounting plugin CodeLiteSourceCodeAccess
LogPluginManager: Mounting plugin SpeedTreeImporter
LogPluginManager: Mounting plugin GitSourceControl
LogPluginManager: Mounting plugin KDevelopSourceCodeAccess
LogPluginManager: Mounting plugin NullSourceCodeAccess
LogPluginManager: Mounting plugin AnimationSharing
LogPluginManager: Mounting plugin PerforceSourceControl
LogPluginManager: Mounting plugin PixWinPlugin
LogPluginManager: Mounting plugin PluginUtils
LogPluginManager: Mounting plugin PropertyAccessNode
LogPluginManager: Mounting plugin PlasticSourceControl
LogPluginManager: Mounting plugin RiderSourceCodeAccess
LogPluginManager: Mounting plugin SubversionSourceControl
LogPluginManager: Mounting plugin TextureFormatOodle
LogPluginManager: Mounting plugin UObjectPlugin
LogPluginManager: Mounting plugin OodleData
LogPluginManager: Mounting plugin VisualStudioCodeSourceCodeAccess
LogPluginManager: Mounting plugin VisualStudioSourceCodeAccess
LogPluginManager: Mounting plugin OodleNetwork
LogPluginManager: Mounting plugin XCodeSourceCodeAccess
LogPluginManager: Mounting plugin AlembicImporter
LogPluginManager: Mounting plugin Niagara
LogPluginManager: Mounting plugin AutomationUtils
LogPluginManager: Mounting plugin BackChannel
LogPluginManager: Mounting plugin ChaosCloth
LogPluginManager: Mounting plugin ChaosEditor
LogPluginManager: Mounting plugin ChaosClothEditor
LogPluginManager: Mounting plugin ChaosNiagara
LogPluginManager: Mounting plugin ChaosSolverPlugin
LogPluginManager: Mounting plugin CharacterAI
LogPluginManager: Mounting plugin GeometryCache
LogPluginManager: Mounting plugin GeometryCollectionPlugin
LogPluginManager: Mounting plugin MobileLauncherProfileWizard
LogPluginManager: Mounting plugin DatasmithContent
LogPluginManager: Mounting plugin VariantManagerContent
LogPluginManager: Mounting plugin AndroidMedia
LogPluginManager: Mounting plugin AvfMedia
LogPluginManager: Mounting plugin GeometryProcessing
LogPluginManager: Mounting plugin ImgMedia
LogPluginManager: Mounting plugin MediaCompositing
LogPluginManager: Mounting plugin MediaPlayerEditor
LogPluginManager: Mounting plugin WmfMedia
LogPluginManager: Mounting plugin LuminPlatformFeatures
LogPluginManager: Mounting plugin OpenImageDenoise
LogPluginManager: Mounting plugin MotoSynth
LogPluginManager: Mounting plugin MagicLeap
LogPluginManager: Mounting plugin PlanarCut
LogPluginManager: Mounting plugin PlatformCrypto
LogPluginManager: Mounting plugin ProxyLODPlugin
LogPluginManager: Mounting plugin PythonScriptPlugin
LogPluginManager: Mounting plugin SkeletalReduction
LogPluginManager: Mounting plugin WebMMedia
LogPluginManager: Mounting plugin MagicLeapLightEstimation
LogPluginManager: Mounting plugin MagicLeapMedia
LogPluginManager: Mounting plugin TcpMessaging
LogPluginManager: Mounting plugin UdpMessaging
LogPluginManager: Mounting plugin MagicLeapPassableWorld
LogPluginManager: Mounting plugin MLSDK
LogPluginManager: Mounting plugin ActorSequence
LogPluginManager: Mounting plugin LevelSequenceEditor
LogPluginManager: Mounting plugin MatineeToLevelSequence
LogPluginManager: Mounting plugin TemplateSequence
LogPluginManager: Mounting plugin LauncherChunkInstaller
LogPluginManager: Mounting plugin OnlineSubsystem
LogPluginManager: Mounting plugin OnlineSubsystemNull
LogPluginManager: Mounting plugin OnlineSubsystemUtils
LogPluginManager: Mounting plugin ActorLayerUtilities
LogPluginManager: Mounting plugin AndroidDeviceProfileSelector
LogPluginManager: Mounting plugin AndroidPermission
LogPluginManager: Mounting plugin AndroidMoviePlayer
LogPluginManager: Mounting plugin AppleImageUtils
LogPluginManager: Mounting plugin AppleMoviePlayer
LogPluginManager: Mounting plugin ArchVisCharacter
LogPluginManager: Mounting plugin AssetTags
LogPluginManager: Mounting plugin AudioCapture
LogPluginManager: Mounting plugin AudioSynesthesia
LogPluginManager: Mounting plugin CableComponent
LogPluginManager: Mounting plugin ChunkDownloader
LogPluginManager: Mounting plugin CustomMeshComponent
LogPluginManager: Mounting plugin EditableMesh
LogPluginManager: Mounting plugin ExampleDeviceProfileSelector
LogPluginManager: Mounting plugin GooglePAD
LogPluginManager: Mounting plugin GoogleCloudMessaging
LogPluginManager: Mounting plugin ScreenshotTools
LogPluginManager: Mounting plugin IOSDeviceProfileSelector
LogPluginManager: Mounting plugin LinuxDeviceProfileSelector
LogPluginManager: Mounting plugin LocationServicesBPLibrary
LogPluginManager: Mounting plugin MobilePatchingUtils
LogPluginManager: Mounting plugin OpenXR
LogPluginManager: Mounting plugin OpenXREyeTracker
LogPluginManager: Mounting plugin OpenXRHandTracking
LogPluginManager: Mounting plugin PhysXVehicles
LogPluginManager: Mounting plugin Takes
LogPluginManager: Mounting plugin PostSplashScreen
LogPluginManager: Mounting plugin ProceduralMeshComponent
LogPluginManager: Mounting plugin PropertyAccessEditor
LogPluginManager: Mounting plugin RuntimePhysXCooking
LogPluginManager: Mounting plugin SignificanceManager
LogPluginManager: Mounting plugin SoundFields
LogPluginManager: Mounting plugin Synthesis
LogPluginManager: Mounting plugin WebMMoviePlayer
LogPluginManager: Mounting plugin WindowsMoviePlayer
LogPluginManager: Mounting plugin ContentBrowserFileDataSource
LogPluginManager: Mounting plugin ContentBrowserAssetDataSource
LogPluginManager: Mounting plugin ContentBrowserClassDataSource
LogPluginManager: Mounting plugin OnlineSubsystemGooglePlay
LogPluginManager: Mounting plugin OnlineSubsystemIOS
LogPluginManager: Mounting plugin OculusVR
LogPluginManager: Mounting plugin SteamVR
PixWinPlugin: PIX capture plugin failed to initialize! Check that the process is launched from PIX.
LogInit: Using libcurl 7.55.1-DEV
LogInit:  - built for x86_64-pc-win32
LogInit:  - supports SSL with OpenSSL/1.1.1
LogInit:  - supports HTTP deflate (compression) using libz 1.2.8
LogInit:  - other features:
LogInit:      CURL_VERSION_SSL
LogInit:      CURL_VERSION_LIBZ
LogInit:      CURL_VERSION_IPV6
LogInit:      CURL_VERSION_ASYNCHDNS
LogInit:      CURL_VERSION_LARGEFILE
LogInit:      CURL_VERSION_IDN
LogInit:  CurlRequestOptions (configurable via config and command line):
LogInit:  - bVerifyPeer = true  - Libcurl will verify peer certificate
LogInit:  - bUseHttpProxy = false  - Libcurl will NOT use HTTP proxy
LogInit:  - bDontReuseConnections = false  - Libcurl will reuse connections
LogInit:  - MaxHostConnections = 16  - Libcurl will limit the number of connections to a host
LogInit:  - LocalHostAddr = Default
LogInit:  - BufferSize = 65536
LogOnline: OSS: Creating online subsystem instance for: NULL
LogInit: WinSock: version 1.1 (2.2), MaxSocks=32767, MaxUdp=65467
LogOnline: OSS: TryLoadSubsystemAndSetDefault: Loaded subsystem for module [NULL]
LogOculusPluginWrapper: OculusPlugin initialized successfully
LogHMD: Failed initializing OVRPlugin 1.59.0
LogInit: Build: ++UE4+Release-4.27-CL-17735300
LogInit: Engine Version: 4.27.1-17735300+++UE4+Release-4.27
LogInit: Compatible Engine Version: 4.27.0-17155196+++UE4+Release-4.27
LogInit: Net CL: 17155196
LogInit: OS: Windows 10 (Release 2009) (), CPU: Intel(R) Core(TM) i7-10750H CPU @ 2.60GHz, GPU: Intel(R) UHD Graphics
LogInit: Compiled (64-bit): Oct  6 2021 14:42:51
LogInit: Compiled with Visual C++: 19.24.28315.00
LogInit: Build Configuration: Development
LogInit: Branch Name: ++UE4+Release-4.27
LogInit: Command Line:  -EpicPortal -epicusername=ndevlin20 -epicuserid=9fed6cd955494a65b101f74fc5fbf5bb -epiclocale=en -epicsandboxid=ue
LogInit: Base Directory: C:/Program Files/Epic Games/UE_4.27/Engine/Binaries/Win64/
LogInit: Allocator: TBB
LogInit: Installed Engine Build: 1
LogDevObjectVersion: Number of dev versions registered: 29
LogDevObjectVersion:   Dev-Blueprints (B0D832E4-1F89-4F0D-ACCF-7EB736FD4AA2): 10
LogDevObjectVersion:   Dev-Build (E1C64328-A22C-4D53-A36C-8E866417BD8C): 0
LogDevObjectVersion:   Dev-Core (375EC13C-06E4-48FB-B500-84F0262A717E): 4
LogDevObjectVersion:   Dev-Editor (E4B068ED-F494-42E9-A231-DA0B2E46BB41): 40
LogDevObjectVersion:   Dev-Framework (CFFC743F-43B0-4480-9391-14DF171D2073): 37
LogDevObjectVersion:   Dev-Mobile (B02B49B5-BB20-44E9-A304-32B752E40360): 3
LogDevObjectVersion:   Dev-Networking (A4E4105C-59A1-49B5-A7C5-40C4547EDFEE): 0
LogDevObjectVersion:   Dev-Online (39C831C9-5AE6-47DC-9A44-9C173E1C8E7C): 0
LogDevObjectVersion:   Dev-Physics (78F01B33-EBEA-4F98-B9B4-84EACCB95AA2): 14
LogDevObjectVersion:   Dev-Platform (6631380F-2D4D-43E0-8009-CF276956A95A): 0
LogDevObjectVersion:   Dev-Rendering (12F88B9F-8875-4AFC-A67C-D90C383ABD29): 45
LogDevObjectVersion:   Dev-Sequencer (7B5AE74C-D270-4C10-A958-57980B212A5A): 13
LogDevObjectVersion:   Dev-VR (D7296918-1DD6-4BDD-9DE2-64A83CC13884): 3
LogDevObjectVersion:   Dev-LoadTimes (C2A15278-BFE7-4AFE-6C17-90FF531DF755): 1
LogDevObjectVersion:   Private-Geometry (6EACA3D4-40EC-4CC1-B786-8BED09428FC5): 3
LogDevObjectVersion:   Dev-AnimPhys (29E575DD-E0A3-4627-9D10-D276232CDCEA): 17
LogDevObjectVersion:   Dev-Anim (AF43A65D-7FD3-4947-9873-3E8ED9C1BB05): 15
LogDevObjectVersion:   Dev-ReflectionCapture (6B266CEC-1EC7-4B8F-A30B-E4D90942FC07): 1
LogDevObjectVersion:   Dev-Automation (0DF73D61-A23F-47EA-B727-89E90C41499A): 1
LogDevObjectVersion:   FortniteMain (601D1886-AC64-4F84-AA16-D3DE0DEAC7D6): 47
LogDevObjectVersion:   FortniteRelease (E7086368-6B23-4C58-8439-1B7016265E91): 1
LogDevObjectVersion:   Dev-Enterprise (9DFFBCD6-494F-0158-E221-12823C92A888): 10
LogDevObjectVersion:   Dev-Niagara (F2AED0AC-9AFE-416F-8664-AA7FFA26D6FC): 1
LogDevObjectVersion:   Dev-Destruction (174F1F0B-B4C6-45A5-B13F-2EE8D0FB917D): 10
LogDevObjectVersion:   Dev-Physics-Ext (35F94A83-E258-406C-A318-09F59610247C): 41
LogDevObjectVersion:   Dev-PhysicsMaterial-Chaos (B68FC16E-8B1B-42E2-B453-215C058844FE): 1
LogDevObjectVersion:   Dev-CineCamera (B2E18506-4273-CFC2-A54E-F4BB758BBA07): 1
LogDevObjectVersion:   Dev-VirtualProduction (64F58936-FD1B-42BA-BA96-7289D5D0FA4E): 1
LogDevObjectVersion:   Dev-MediaFramework (6F0ED827-A609-4895-9C91-998D90180EA4): 2
LogInit: Presizing for max 25165824 objects, including 0 objects not considered by GC, pre-allocating 0 bytes for permanent pool.
LogConfig: Applying CVar settings from Section [/Script/Engine.StreamingSettings] File [C:/Users/nd_mo/Desktop/PennHwork/568 Game Design/UnrealAsteroids/UnrealAsteroidsProject/UnrealAsteroidsCPP_Repo/UnrealAsteroids_CPP/Saved/Config/Windows/Engine.ini]
LogConfig: Setting CVar [[s.MinBulkDataSizeForAsyncLoading:131072]]
LogConfig: Setting CVar [[s.AsyncLoadingThreadEnabled:0]]
LogConfig: Setting CVar [[s.EventDrivenLoaderEnabled:1]]
LogConfig: Setting CVar [[s.WarnIfTimeLimitExceeded:0]]
LogConfig: Setting CVar [[s.TimeLimitExceededMultiplier:1.5]]
LogConfig: Setting CVar [[s.TimeLimitExceededMinTime:0.005]]
LogConfig: Setting CVar [[s.UseBackgroundLevelStreaming:1]]
LogConfig: Setting CVar [[s.PriorityAsyncLoadingExtraTime:15.0]]
LogConfig: Setting CVar [[s.LevelStreamingActorsUpdateTimeLimit:5.0]]
LogConfig: Setting CVar [[s.PriorityLevelStreamingActorsUpdateExtraTime:5.0]]
LogConfig: Setting CVar [[s.LevelStreamingComponentsRegistrationGranularity:10]]
LogConfig: Setting CVar [[s.UnregisterComponentsTimeLimit:1.0]]
LogConfig: Setting CVar [[s.LevelStreamingComponentsUnregistrationGranularity:5]]
LogConfig: Setting CVar [[s.FlushStreamingOnExit:1]]
LogInit: Object subsystem initialized
LogConfig: Setting CVar [[con.DebugEarlyDefault:1]]
LogConfig: Setting CVar [[r.setres:1280x720]]
[2021.10.20-03.03.02:947][  0]LogConfig: Setting CVar [[r.VSync:0]]
[2021.10.20-03.03.02:947][  0]LogConfig: Setting CVar [[r.RHICmdBypass:0]]
[2021.10.20-03.03.02:947][  0]LogConfig: Applying CVar settings from Section [/Script/Engine.RendererSettings] File [C:/Users/nd_mo/Desktop/PennHwork/568 Game Design/UnrealAsteroids/UnrealAsteroidsProject/UnrealAsteroidsCPP_Repo/UnrealAsteroids_CPP/Saved/Config/Windows/Engine.ini]
[2021.10.20-03.03.02:947][  0]LogConfig: Setting CVar [[r.GPUCrashDebugging:0]]
[2021.10.20-03.03.02:947][  0]LogConfig: Setting CVar [[r.SkinCache.CompileShaders:1]]
[2021.10.20-03.03.02:947][  0]LogConfig: Setting CVar [[r.RayTracing:1]]
[2021.10.20-03.03.02:947][  0]LogConfig: Applying CVar settings from Section [/Script/Engine.RendererOverrideSettings] File [C:/Users/nd_mo/Desktop/PennHwork/568 Game Design/UnrealAsteroids/UnrealAsteroidsProject/UnrealAsteroidsCPP_Repo/UnrealAsteroids_CPP/Saved/Config/Windows/Engine.ini]
[2021.10.20-03.03.02:948][  0]LogConfig: Applying CVar settings from Section [/Script/Engine.StreamingSettings] File [C:/Users/nd_mo/Desktop/PennHwork/568 Game Design/UnrealAsteroids/UnrealAsteroidsProject/UnrealAsteroidsCPP_Repo/UnrealAsteroids_CPP/Saved/Config/Windows/Engine.ini]
[2021.10.20-03.03.02:948][  0]LogConfig: Setting CVar [[s.MinBulkDataSizeForAsyncLoading:131072]]
[2021.10.20-03.03.02:948][  0]LogConfig: Setting CVar [[s.AsyncLoadingThreadEnabled:0]]
[2021.10.20-03.03.02:948][  0]LogConfig: Setting CVar [[s.EventDrivenLoaderEnabled:1]]
[2021.10.20-03.03.02:948][  0]LogConfig: Setting CVar [[s.WarnIfTimeLimitExceeded:0]]
[2021.10.20-03.03.02:948][  0]LogConfig: Setting CVar [[s.TimeLimitExceededMultiplier:1.5]]
[2021.10.20-03.03.02:948][  0]LogConfig: Setting CVar [[s.TimeLimitExceededMinTime:0.005]]
[2021.10.20-03.03.02:948][  0]LogConfig: Setting CVar [[s.UseBackgroundLevelStreaming:1]]
[2021.10.20-03.03.02:948][  0]LogConfig: Setting CVar [[s.PriorityAsyncLoadingExtraTime:15.0]]
[2021.10.20-03.03.02:948][  0]LogConfig: Setting CVar [[s.LevelStreamingActorsUpdateTimeLimit:5.0]]
[2021.10.20-03.03.02:948][  0]LogConfig: Setting CVar [[s.PriorityLevelStreamingActorsUpdateExtraTime:5.0]]
[2021.10.20-03.03.02:948][  0]LogConfig: Setting CVar [[s.LevelStreamingComponentsRegistrationGranularity:10]]
[2021.10.20-03.03.02:948][  0]LogConfig: Setting CVar [[s.UnregisterComponentsTimeLimit:1.0]]
[2021.10.20-03.03.02:948][  0]LogConfig: Setting CVar [[s.LevelStreamingComponentsUnregistrationGranularity:5]]
[2021.10.20-03.03.02:948][  0]LogConfig: Setting CVar [[s.FlushStreamingOnExit:1]]
[2021.10.20-03.03.02:948][  0]LogConfig: Applying CVar settings from Section [/Script/Engine.GarbageCollectionSettings] File [C:/Users/nd_mo/Desktop/PennHwork/568 Game Design/UnrealAsteroids/UnrealAsteroidsProject/UnrealAsteroidsCPP_Repo/UnrealAsteroids_CPP/Saved/Config/Windows/Engine.ini]
[2021.10.20-03.03.02:948][  0]LogConfig: Setting CVar [[gc.MaxObjectsNotConsideredByGC:1]]
[2021.10.20-03.03.02:948][  0]LogConfig: Setting CVar [[gc.SizeOfPermanentObjectPool:0]]
[2021.10.20-03.03.02:948][  0]LogConfig: Setting CVar [[gc.FlushStreamingOnGC:0]]
[2021.10.20-03.03.02:948][  0]LogConfig: Setting CVar [[gc.NumRetriesBeforeForcingGC:10]]
[2021.10.20-03.03.02:948][  0]LogConfig: Setting CVar [[gc.AllowParallelGC:1]]
[2021.10.20-03.03.02:948][  0]LogConfig: Setting CVar [[gc.TimeBetweenPurgingPendingKillObjects:61.1]]
[2021.10.20-03.03.02:948][  0]LogConfig: Setting CVar [[gc.MaxObjectsInEditor:25165824]]
[2021.10.20-03.03.02:948][  0]LogConfig: Setting CVar [[gc.IncrementalBeginDestroyEnabled:1]]
[2021.10.20-03.03.02:948][  0]LogConfig: Setting CVar [[gc.CreateGCClusters:1]]
[2021.10.20-03.03.02:948][  0]LogConfig: Setting CVar [[gc.MinGCClusterSize:5]]
[2021.10.20-03.03.02:948][  0]LogConfig: Setting CVar [[gc.ActorClusteringEnabled:0]]
[2021.10.20-03.03.02:948][  0]LogConfig: Setting CVar [[gc.BlueprintClusteringEnabled:0]]
[2021.10.20-03.03.02:948][  0]LogConfig: Setting CVar [[gc.UseDisregardForGCOnDedicatedServers:0]]
[2021.10.20-03.03.02:948][  0]LogConfig: Setting CVar [[gc.MultithreadedDestructionEnabled:1]]
[2021.10.20-03.03.02:948][  0]LogConfig: Applying CVar settings from Section [/Script/Engine.NetworkSettings] File [C:/Users/nd_mo/Desktop/PennHwork/568 Game Design/UnrealAsteroids/UnrealAsteroidsProject/UnrealAsteroidsCPP_Repo/UnrealAsteroids_CPP/Saved/Config/Windows/Engine.ini]
[2021.10.20-03.03.02:948][  0]LogConfig: Applying CVar settings from Section [/Script/UnrealEd.CookerSettings] File [C:/Users/nd_mo/Desktop/PennHwork/568 Game Design/UnrealAsteroids/UnrealAsteroidsProject/UnrealAsteroidsCPP_Repo/UnrealAsteroids_CPP/Saved/Config/Windows/Engine.ini]
[2021.10.20-03.03.02:966][  0]LogConfig: Applying CVar settings from Section [ViewDistanceQuality@3] File [C:/Users/nd_mo/Desktop/PennHwork/568 Game Design/UnrealAsteroids/UnrealAsteroidsProject/UnrealAsteroidsCPP_Repo/UnrealAsteroids_CPP/Saved/Config/Windows/Scalability.ini]
[2021.10.20-03.03.02:966][  0]LogConfig: Setting CVar [[r.SkeletalMeshLODBias:0]]
[2021.10.20-03.03.02:966][  0]LogConfig: Setting CVar [[r.ViewDistanceScale:1.0]]
[2021.10.20-03.03.02:966][  0]LogConfig: Applying CVar settings from Section [AntiAliasingQuality@3] File [C:/Users/nd_mo/Desktop/PennHwork/568 Game Design/UnrealAsteroids/UnrealAsteroidsProject/UnrealAsteroidsCPP_Repo/UnrealAsteroids_CPP/Saved/Config/Windows/Scalability.ini]
[2021.10.20-03.03.02:966][  0]LogConfig: Setting CVar [[r.PostProcessAAQuality:4]]
[2021.10.20-03.03.02:966][  0]LogConfig: Applying CVar settings from Section [ShadowQuality@3] File [C:/Users/nd_mo/Desktop/PennHwork/568 Game Design/UnrealAsteroids/UnrealAsteroidsProject/UnrealAsteroidsCPP_Repo/UnrealAsteroids_CPP/Saved/Config/Windows/Scalability.ini]
[2021.10.20-03.03.02:966][  0]LogConfig: Setting CVar [[r.LightFunctionQuality:1]]
[2021.10.20-03.03.02:966][  0]LogConfig: Setting CVar [[r.ShadowQuality:5]]
[2021.10.20-03.03.02:966][  0]LogConfig: Setting CVar [[r.Shadow.CSM.MaxCascades:10]]
[2021.10.20-03.03.02:966][  0]LogConfig: Setting CVar [[r.Shadow.MaxResolution:2048]]
[2021.10.20-03.03.02:966][  0]LogConfig: Setting CVar [[r.Shadow.MaxCSMResolution:2048]]
[2021.10.20-03.03.02:966][  0]LogConfig: Setting CVar [[r.Shadow.RadiusThreshold:0.01]]
[2021.10.20-03.03.02:966][  0]LogConfig: Setting CVar [[r.Shadow.DistanceScale:1.0]]
[2021.10.20-03.03.02:966][  0]LogConfig: Setting CVar [[r.Shadow.CSM.TransitionScale:1.0]]
[2021.10.20-03.03.02:966][  0]LogConfig: Setting CVar [[r.Shadow.PreShadowResolutionFactor:1.0]]
[2021.10.20-03.03.02:966][  0]LogConfig: Setting CVar [[r.DistanceFieldShadowing:1]]
[2021.10.20-03.03.02:966][  0]LogConfig: Setting CVar [[r.DistanceFieldAO:1]]
[2021.10.20-03.03.02:966][  0]LogConfig: Setting CVar [[r.AOQuality:2]]
[2021.10.20-03.03.02:966][  0]LogConfig: Setting CVar [[r.VolumetricFog:1]]
[2021.10.20-03.03.02:966][  0]LogConfig: Setting CVar [[r.VolumetricFog.GridPixelSize:8]]
[2021.10.20-03.03.02:966][  0]LogConfig: Setting CVar [[r.VolumetricFog.GridSizeZ:128]]
[2021.10.20-03.03.02:966][  0]LogConfig: Setting CVar [[r.VolumetricFog.HistoryMissSupersampleCount:4]]
[2021.10.20-03.03.02:966][  0]LogConfig: Setting CVar [[r.LightMaxDrawDistanceScale:1]]
[2021.10.20-03.03.02:966][  0]LogConfig: Setting CVar [[r.CapsuleShadows:1]]
[2021.10.20-03.03.02:966][  0]LogConfig: Applying CVar settings from Section [PostProcessQuality@3] File [C:/Users/nd_mo/Desktop/PennHwork/568 Game Design/UnrealAsteroids/UnrealAsteroidsProject/UnrealAsteroidsCPP_Repo/UnrealAsteroids_CPP/Saved/Config/Windows/Scalability.ini]
[2021.10.20-03.03.02:966][  0]LogConfig: Setting CVar [[r.MotionBlurQuality:4]]
[2021.10.20-03.03.02:966][  0]LogConfig: Setting CVar [[r.AmbientOcclusionMipLevelFactor:0.4]]
[2021.10.20-03.03.02:966][  0]LogConfig: Setting CVar [[r.AmbientOcclusionMaxQuality:100]]
[2021.10.20-03.03.02:966][  0]LogConfig: Setting CVar [[r.AmbientOcclusionLevels:-1]]
[2021.10.20-03.03.02:966][  0]LogConfig: Setting CVar [[r.AmbientOcclusionRadiusScale:1.0]]
[2021.10.20-03.03.02:966][  0]LogConfig: Setting CVar [[r.DepthOfFieldQuality:2]]
[2021.10.20-03.03.02:966][  0]LogConfig: Setting CVar [[r.RenderTargetPoolMin:400]]
[2021.10.20-03.03.02:966][  0]LogConfig: Setting CVar [[r.LensFlareQuality:2]]
[2021.10.20-03.03.02:966][  0]LogConfig: Setting CVar [[r.SceneColorFringeQuality:1]]
[2021.10.20-03.03.02:966][  0]LogConfig: Setting CVar [[r.EyeAdaptationQuality:2]]
[2021.10.20-03.03.02:966][  0]LogConfig: Setting CVar [[r.BloomQuality:5]]
[2021.10.20-03.03.02:966][  0]LogConfig: Setting CVar [[r.FastBlurThreshold:100]]
[2021.10.20-03.03.02:966][  0]LogConfig: Setting CVar [[r.Upscale.Quality:3]]
[2021.10.20-03.03.02:966][  0]LogConfig: Setting CVar [[r.Tonemapper.GrainQuantization:1]]
[2021.10.20-03.03.02:966][  0]LogConfig: Setting CVar [[r.LightShaftQuality:1]]
[2021.10.20-03.03.02:966][  0]LogConfig: Setting CVar [[r.Filter.SizeScale:1]]
[2021.10.20-03.03.02:966][  0]LogConfig: Setting CVar [[r.Tonemapper.Quality:5]]
[2021.10.20-03.03.02:966][  0]LogConfig: Setting CVar [[r.DOF.Gather.AccumulatorQuality:1        ; higher gathering accumulator quality]]
[2021.10.20-03.03.02:966][  0]LogConfig: Setting CVar [[r.DOF.Gather.PostfilterMethod:1          ; Median3x3 postfilering method]]
[2021.10.20-03.03.02:966][  0]LogConfig: Setting CVar [[r.DOF.Gather.EnableBokehSettings:0       ; no bokeh simulation when gathering]]
[2021.10.20-03.03.02:966][  0]LogConfig: Setting CVar [[r.DOF.Gather.RingCount:4                 ; medium number of samples when gathering]]
[2021.10.20-03.03.02:966][  0]LogConfig: Setting CVar [[r.DOF.Scatter.ForegroundCompositing:1    ; additive foreground scattering]]
[2021.10.20-03.03.02:966][  0]LogConfig: Setting CVar [[r.DOF.Scatter.BackgroundCompositing:2    ; additive background scattering]]
[2021.10.20-03.03.02:966][  0]LogConfig: Setting CVar [[r.DOF.Scatter.EnableBokehSettings:1      ; bokeh simulation when scattering]]
[2021.10.20-03.03.02:966][  0]LogConfig: Setting CVar [[r.DOF.Scatter.MaxSpriteRatio:0.1         ; only a maximum of 10% of scattered bokeh]]
[2021.10.20-03.03.02:966][  0]LogConfig: Setting CVar [[r.DOF.Recombine.Quality:1                ; cheap slight out of focus]]
[2021.10.20-03.03.02:967][  0]LogConfig: Setting CVar [[r.DOF.Recombine.EnableBokehSettings:0    ; no bokeh simulation on slight out of focus]]
[2021.10.20-03.03.02:967][  0]LogConfig: Setting CVar [[r.DOF.TemporalAAQuality:1                ; more stable temporal accumulation]]
[2021.10.20-03.03.02:967][  0]LogConfig: Setting CVar [[r.DOF.Kernel.MaxForegroundRadius:0.025]]
[2021.10.20-03.03.02:967][  0]LogConfig: Setting CVar [[r.DOF.Kernel.MaxBackgroundRadius:0.025]]
[2021.10.20-03.03.02:967][  0]LogConfig: Applying CVar settings from Section [TextureQuality@3] File [C:/Users/nd_mo/Desktop/PennHwork/568 Game Design/UnrealAsteroids/UnrealAsteroidsProject/UnrealAsteroidsCPP_Repo/UnrealAsteroids_CPP/Saved/Config/Windows/Scalability.ini]
[2021.10.20-03.03.02:967][  0]LogConfig: Setting CVar [[r.Streaming.MipBias:0]]
[2021.10.20-03.03.02:967][  0]LogConfig: Setting CVar [[r.Streaming.AmortizeCPUToGPUCopy:0]]
[2021.10.20-03.03.02:967][  0]LogConfig: Setting CVar [[r.Streaming.MaxNumTexturesToStreamPerFrame:0]]
[2021.10.20-03.03.02:967][  0]LogConfig: Setting CVar [[r.Streaming.Boost:1]]
[2021.10.20-03.03.02:967][  0]LogConfig: Setting CVar [[r.MaxAnisotropy:8]]
[2021.10.20-03.03.02:967][  0]LogConfig: Setting CVar [[r.VT.MaxAnisotropy:8]]
[2021.10.20-03.03.02:967][  0]LogConfig: Setting CVar [[r.Streaming.LimitPoolSizeToVRAM:0]]
[2021.10.20-03.03.02:967][  0]LogConfig: Setting CVar [[r.Streaming.PoolSize:1000]]
[2021.10.20-03.03.02:967][  0]LogConfig: Setting CVar [[r.Streaming.MaxEffectiveScreenSize:0]]
[2021.10.20-03.03.02:967][  0]LogConfig: Applying CVar settings from Section [EffectsQuality@3] File [C:/Users/nd_mo/Desktop/PennHwork/568 Game Design/UnrealAsteroids/UnrealAsteroidsProject/UnrealAsteroidsCPP_Repo/UnrealAsteroids_CPP/Saved/Config/Windows/Scalability.ini]
[2021.10.20-03.03.02:967][  0]LogConfig: Setting CVar [[r.TranslucencyLightingVolumeDim:64]]
[2021.10.20-03.03.02:967][  0]LogConfig: Setting CVar [[r.RefractionQuality:2]]
[2021.10.20-03.03.02:967][  0]LogConfig: Setting CVar [[r.SSR.Quality:3]]
[2021.10.20-03.03.02:967][  0]LogConfig: Setting CVar [[r.SSR.HalfResSceneColor:0]]
[2021.10.20-03.03.02:967][  0]LogConfig: Setting CVar [[r.SceneColorFormat:4]]
[2021.10.20-03.03.02:967][  0]LogConfig: Setting CVar [[r.DetailMode:2]]
[2021.10.20-03.03.02:967][  0]LogConfig: Setting CVar [[r.TranslucencyVolumeBlur:1]]
[2021.10.20-03.03.02:967][  0]LogConfig: Setting CVar [[r.MaterialQualityLevel:1 ; High quality]]
[2021.10.20-03.03.02:967][  0]LogConfig: Setting CVar [[r.AnisotropicMaterials:1]]
[2021.10.20-03.03.02:967][  0]LogConfig: Setting CVar [[r.SSS.Scale:1]]
[2021.10.20-03.03.02:967][  0]LogConfig: Setting CVar [[r.SSS.SampleSet:2]]
[2021.10.20-03.03.02:967][  0]LogConfig: Setting CVar [[r.SSS.Quality:1]]
[2021.10.20-03.03.02:967][  0]LogConfig: Setting CVar [[r.SSS.HalfRes:0]]
[2021.10.20-03.03.02:967][  0]LogConfig: Setting CVar [[r.SSGI.Quality:3]]
[2021.10.20-03.03.02:967][  0]LogConfig: Setting CVar [[r.EmitterSpawnRateScale:1.0]]
[2021.10.20-03.03.02:967][  0]LogConfig: Setting CVar [[r.ParticleLightQuality:2]]
[2021.10.20-03.03.02:967][  0]LogConfig: Setting CVar [[r.SkyAtmosphere.AerialPerspectiveLUT.FastApplyOnOpaque:1 ; Always have FastSkyLUT 1 in this case to avoid wrong sky]]
[2021.10.20-03.03.02:967][  0]LogConfig: Setting CVar [[r.SkyAtmosphere.AerialPerspectiveLUT.SampleCountMaxPerSlice:4]]
[2021.10.20-03.03.02:967][  0]LogConfig: Setting CVar [[r.SkyAtmosphere.AerialPerspectiveLUT.DepthResolution:16.0]]
[2021.10.20-03.03.02:967][  0]LogConfig: Setting CVar [[r.SkyAtmosphere.FastSkyLUT:1]]
[2021.10.20-03.03.02:967][  0]LogConfig: Setting CVar [[r.SkyAtmosphere.FastSkyLUT.SampleCountMin:4.0]]
[2021.10.20-03.03.02:967][  0]LogConfig: Setting CVar [[r.SkyAtmosphere.FastSkyLUT.SampleCountMax:128.0]]
[2021.10.20-03.03.02:967][  0]LogConfig: Setting CVar [[r.SkyAtmosphere.SampleCountMin:4.0]]
[2021.10.20-03.03.02:967][  0]LogConfig: Setting CVar [[r.SkyAtmosphere.SampleCountMax:128.0]]
[2021.10.20-03.03.02:967][  0]LogConfig: Setting CVar [[r.SkyAtmosphere.TransmittanceLUT.UseSmallFormat:0]]
[2021.10.20-03.03.02:967][  0]LogConfig: Setting CVar [[r.SkyAtmosphere.TransmittanceLUT.SampleCount:10.0]]
[2021.10.20-03.03.02:967][  0]LogConfig: Setting CVar [[r.SkyAtmosphere.MultiScatteringLUT.SampleCount:15.0]]
[2021.10.20-03.03.02:967][  0]LogConfig: Setting CVar [[r.SkyLight.RealTimeReflectionCapture:1]]
[2021.10.20-03.03.02:967][  0]LogConfig: Applying CVar settings from Section [FoliageQuality@3] File [C:/Users/nd_mo/Desktop/PennHwork/568 Game Design/UnrealAsteroids/UnrealAsteroidsProject/UnrealAsteroidsCPP_Repo/UnrealAsteroids_CPP/Saved/Config/Windows/Scalability.ini]
[2021.10.20-03.03.02:967][  0]LogConfig: Setting CVar [[foliage.DensityScale:1.0]]
[2021.10.20-03.03.02:967][  0]LogConfig: Setting CVar [[grass.DensityScale:1.0]]
[2021.10.20-03.03.02:967][  0]LogConfig: Applying CVar settings from Section [ShadingQuality@3] File [C:/Users/nd_mo/Desktop/PennHwork/568 Game Design/UnrealAsteroids/UnrealAsteroidsProject/UnrealAsteroidsCPP_Repo/UnrealAsteroids_CPP/Saved/Config/Windows/Scalability.ini]
[2021.10.20-03.03.02:967][  0]LogConfig: Setting CVar [[r.HairStrands.SkyLighting.IntegrationType:2]]
[2021.10.20-03.03.02:967][  0]LogConfig: Setting CVar [[r.HairStrands.SkyAO.SampleCount:4]]
[2021.10.20-03.03.02:967][  0]LogConfig: Setting CVar [[r.HairStrands.Visibility.MSAA.SamplePerPixel:4]]
[2021.10.20-03.03.02:967][  0]LogInit: Selected Device Profile: [Windows]
[2021.10.20-03.03.02:967][  0]LogInit: Applying CVar settings loaded from the selected device profile: [Windows]
[2021.10.20-03.03.02:967][  0]LogHAL: Display: Platform has ~ 32 GB [34171207680 / 34359738368 / 32], which maps to Largest [LargestMinGB=32, LargerMinGB=12, DefaultMinGB=8, SmallerMinGB=6, SmallestMinGB=0)
[2021.10.20-03.03.02:968][  0]LogInit: Going up to parent DeviceProfile []
[2021.10.20-03.03.02:968][  0]LogConfig: Applying CVar settings from Section [ViewDistanceQuality@3] File [C:/Users/nd_mo/Desktop/PennHwork/568 Game Design/UnrealAsteroids/UnrealAsteroidsProject/UnrealAsteroidsCPP_Repo/UnrealAsteroids_CPP/Saved/Config/Windows/Scalability.ini]
[2021.10.20-03.03.02:968][  0]LogConfig: Setting CVar [[r.SkeletalMeshLODBias:0]]
[2021.10.20-03.03.02:968][  0]LogConfig: Setting CVar [[r.ViewDistanceScale:1.0]]
[2021.10.20-03.03.02:968][  0]LogConfig: Applying CVar settings from Section [AntiAliasingQuality@3] File [C:/Users/nd_mo/Desktop/PennHwork/568 Game Design/UnrealAsteroids/UnrealAsteroidsProject/UnrealAsteroidsCPP_Repo/UnrealAsteroids_CPP/Saved/Config/Windows/Scalability.ini]
[2021.10.20-03.03.02:968][  0]LogConfig: Setting CVar [[r.PostProcessAAQuality:4]]
[2021.10.20-03.03.02:968][  0]LogConfig: Applying CVar settings from Section [ShadowQuality@3] File [C:/Users/nd_mo/Desktop/PennHwork/568 Game Design/UnrealAsteroids/UnrealAsteroidsProject/UnrealAsteroidsCPP_Repo/UnrealAsteroids_CPP/Saved/Config/Windows/Scalability.ini]
[2021.10.20-03.03.02:968][  0]LogConfig: Setting CVar [[r.LightFunctionQuality:1]]
[2021.10.20-03.03.02:968][  0]LogConfig: Setting CVar [[r.ShadowQuality:5]]
[2021.10.20-03.03.02:968][  0]LogConfig: Setting CVar [[r.Shadow.CSM.MaxCascades:10]]
[2021.10.20-03.03.02:968][  0]LogConfig: Setting CVar [[r.Shadow.MaxResolution:2048]]
[2021.10.20-03.03.02:968][  0]LogConfig: Setting CVar [[r.Shadow.MaxCSMResolution:2048]]
[2021.10.20-03.03.02:968][  0]LogConfig: Setting CVar [[r.Shadow.RadiusThreshold:0.01]]
[2021.10.20-03.03.02:968][  0]LogConfig: Setting CVar [[r.Shadow.DistanceScale:1.0]]
[2021.10.20-03.03.02:968][  0]LogConfig: Setting CVar [[r.Shadow.CSM.TransitionScale:1.0]]
[2021.10.20-03.03.02:968][  0]LogConfig: Setting CVar [[r.Shadow.PreShadowResolutionFactor:1.0]]
[2021.10.20-03.03.02:968][  0]LogConfig: Setting CVar [[r.DistanceFieldShadowing:1]]
[2021.10.20-03.03.02:968][  0]LogConfig: Setting CVar [[r.DistanceFieldAO:1]]
[2021.10.20-03.03.02:968][  0]LogConfig: Setting CVar [[r.AOQuality:2]]
[2021.10.20-03.03.02:968][  0]LogConfig: Setting CVar [[r.VolumetricFog:1]]
[2021.10.20-03.03.02:968][  0]LogConfig: Setting CVar [[r.VolumetricFog.GridPixelSize:8]]
[2021.10.20-03.03.02:968][  0]LogConfig: Setting CVar [[r.VolumetricFog.GridSizeZ:128]]
[2021.10.20-03.03.02:968][  0]LogConfig: Setting CVar [[r.VolumetricFog.HistoryMissSupersampleCount:4]]
[2021.10.20-03.03.02:968][  0]LogConfig: Setting CVar [[r.LightMaxDrawDistanceScale:1]]
[2021.10.20-03.03.02:968][  0]LogConfig: Setting CVar [[r.CapsuleShadows:1]]
[2021.10.20-03.03.02:968][  0]LogConfig: Applying CVar settings from Section [PostProcessQuality@3] File [C:/Users/nd_mo/Desktop/PennHwork/568 Game Design/UnrealAsteroids/UnrealAsteroidsProject/UnrealAsteroidsCPP_Repo/UnrealAsteroids_CPP/Saved/Config/Windows/Scalability.ini]
[2021.10.20-03.03.02:968][  0]LogConfig: Setting CVar [[r.MotionBlurQuality:4]]
[2021.10.20-03.03.02:968][  0]LogConfig: Setting CVar [[r.AmbientOcclusionMipLevelFactor:0.4]]
[2021.10.20-03.03.02:968][  0]LogConfig: Setting CVar [[r.AmbientOcclusionMaxQuality:100]]
[2021.10.20-03.03.02:968][  0]LogConfig: Setting CVar [[r.AmbientOcclusionLevels:-1]]
[2021.10.20-03.03.02:968][  0]LogConfig: Setting CVar [[r.AmbientOcclusionRadiusScale:1.0]]
[2021.10.20-03.03.02:968][  0]LogConfig: Setting CVar [[r.DepthOfFieldQuality:2]]
[2021.10.20-03.03.02:968][  0]LogConfig: Setting CVar [[r.RenderTargetPoolMin:400]]
[2021.10.20-03.03.02:968][  0]LogConfig: Setting CVar [[r.LensFlareQuality:2]]
[2021.10.20-03.03.02:968][  0]LogConfig: Setting CVar [[r.SceneColorFringeQuality:1]]
[2021.10.20-03.03.02:968][  0]LogConfig: Setting CVar [[r.EyeAdaptationQuality:2]]
[2021.10.20-03.03.02:968][  0]LogConfig: Setting CVar [[r.BloomQuality:5]]
[2021.10.20-03.03.02:968][  0]LogConfig: Setting CVar [[r.FastBlurThreshold:100]]
[2021.10.20-03.03.02:968][  0]LogConfig: Setting CVar [[r.Upscale.Quality:3]]
[2021.10.20-03.03.02:968][  0]LogConfig: Setting CVar [[r.Tonemapper.GrainQuantization:1]]
[2021.10.20-03.03.02:968][  0]LogConfig: Setting CVar [[r.LightShaftQuality:1]]
[2021.10.20-03.03.02:968][  0]LogConfig: Setting CVar [[r.Filter.SizeScale:1]]
[2021.10.20-03.03.02:968][  0]LogConfig: Setting CVar [[r.Tonemapper.Quality:5]]
[2021.10.20-03.03.02:968][  0]LogConfig: Setting CVar [[r.DOF.Gather.AccumulatorQuality:1        ; higher gathering accumulator quality]]
[2021.10.20-03.03.02:968][  0]LogConfig: Setting CVar [[r.DOF.Gather.PostfilterMethod:1          ; Median3x3 postfilering method]]
[2021.10.20-03.03.02:968][  0]LogConfig: Setting CVar [[r.DOF.Gather.EnableBokehSettings:0       ; no bokeh simulation when gathering]]
[2021.10.20-03.03.02:968][  0]LogConfig: Setting CVar [[r.DOF.Gather.RingCount:4                 ; medium number of samples when gathering]]
[2021.10.20-03.03.02:968][  0]LogConfig: Setting CVar [[r.DOF.Scatter.ForegroundCompositing:1    ; additive foreground scattering]]
[2021.10.20-03.03.02:968][  0]LogConfig: Setting CVar [[r.DOF.Scatter.BackgroundCompositing:2    ; additive background scattering]]
[2021.10.20-03.03.02:968][  0]LogConfig: Setting CVar [[r.DOF.Scatter.EnableBokehSettings:1      ; bokeh simulation when scattering]]
[2021.10.20-03.03.02:968][  0]LogConfig: Setting CVar [[r.DOF.Scatter.MaxSpriteRatio:0.1         ; only a maximum of 10% of scattered bokeh]]
[2021.10.20-03.03.02:968][  0]LogConfig: Setting CVar [[r.DOF.Recombine.Quality:1                ; cheap slight out of focus]]
[2021.10.20-03.03.02:968][  0]LogConfig: Setting CVar [[r.DOF.Recombine.EnableBokehSettings:0    ; no bokeh simulation on slight out of focus]]
[2021.10.20-03.03.02:968][  0]LogConfig: Setting CVar [[r.DOF.TemporalAAQuality:1                ; more stable temporal accumulation]]
[2021.10.20-03.03.02:968][  0]LogConfig: Setting CVar [[r.DOF.Kernel.MaxForegroundRadius:0.025]]
[2021.10.20-03.03.02:968][  0]LogConfig: Setting CVar [[r.DOF.Kernel.MaxBackgroundRadius:0.025]]
[2021.10.20-03.03.02:969][  0]LogConfig: Applying CVar settings from Section [TextureQuality@3] File [C:/Users/nd_mo/Desktop/PennHwork/568 Game Design/UnrealAsteroids/UnrealAsteroidsProject/UnrealAsteroidsCPP_Repo/UnrealAsteroids_CPP/Saved/Config/Windows/Scalability.ini]
[2021.10.20-03.03.02:969][  0]LogConfig: Setting CVar [[r.Streaming.MipBias:0]]
[2021.10.20-03.03.02:969][  0]LogConfig: Setting CVar [[r.Streaming.AmortizeCPUToGPUCopy:0]]
[2021.10.20-03.03.02:969][  0]LogConfig: Setting CVar [[r.Streaming.MaxNumTexturesToStreamPerFrame:0]]
[2021.10.20-03.03.02:969][  0]LogConfig: Setting CVar [[r.Streaming.Boost:1]]
[2021.10.20-03.03.02:969][  0]LogConfig: Setting CVar [[r.MaxAnisotropy:8]]
[2021.10.20-03.03.02:969][  0]LogConfig: Setting CVar [[r.VT.MaxAnisotropy:8]]
[2021.10.20-03.03.02:969][  0]LogConfig: Setting CVar [[r.Streaming.LimitPoolSizeToVRAM:0]]
[2021.10.20-03.03.02:969][  0]LogConfig: Setting CVar [[r.Streaming.PoolSize:1000]]
[2021.10.20-03.03.02:969][  0]LogConfig: Setting CVar [[r.Streaming.MaxEffectiveScreenSize:0]]
[2021.10.20-03.03.02:969][  0]LogConfig: Applying CVar settings from Section [EffectsQuality@3] File [C:/Users/nd_mo/Desktop/PennHwork/568 Game Design/UnrealAsteroids/UnrealAsteroidsProject/UnrealAsteroidsCPP_Repo/UnrealAsteroids_CPP/Saved/Config/Windows/Scalability.ini]
[2021.10.20-03.03.02:969][  0]LogConfig: Setting CVar [[r.TranslucencyLightingVolumeDim:64]]
[2021.10.20-03.03.02:969][  0]LogConfig: Setting CVar [[r.RefractionQuality:2]]
[2021.10.20-03.03.02:969][  0]LogConfig: Setting CVar [[r.SSR.Quality:3]]
[2021.10.20-03.03.02:969][  0]LogConfig: Setting CVar [[r.SSR.HalfResSceneColor:0]]
[2021.10.20-03.03.02:969][  0]LogConfig: Setting CVar [[r.SceneColorFormat:4]]
[2021.10.20-03.03.02:969][  0]LogConfig: Setting CVar [[r.DetailMode:2]]
[2021.10.20-03.03.02:969][  0]LogConfig: Setting CVar [[r.TranslucencyVolumeBlur:1]]
[2021.10.20-03.03.02:969][  0]LogConfig: Setting CVar [[r.MaterialQualityLevel:1 ; High quality]]
[2021.10.20-03.03.02:969][  0]LogConfig: Setting CVar [[r.AnisotropicMaterials:1]]
[2021.10.20-03.03.02:969][  0]LogConfig: Setting CVar [[r.SSS.Scale:1]]
[2021.10.20-03.03.02:969][  0]LogConfig: Setting CVar [[r.SSS.SampleSet:2]]
[2021.10.20-03.03.02:969][  0]LogConfig: Setting CVar [[r.SSS.Quality:1]]
[2021.10.20-03.03.02:969][  0]LogConfig: Setting CVar [[r.SSS.HalfRes:0]]
[2021.10.20-03.03.02:969][  0]LogConfig: Setting CVar [[r.SSGI.Quality:3]]
[2021.10.20-03.03.02:969][  0]LogConfig: Setting CVar [[r.EmitterSpawnRateScale:1.0]]
[2021.10.20-03.03.02:969][  0]LogConfig: Setting CVar [[r.ParticleLightQuality:2]]
[2021.10.20-03.03.02:969][  0]LogConfig: Setting CVar [[r.SkyAtmosphere.AerialPerspectiveLUT.FastApplyOnOpaque:1 ; Always have FastSkyLUT 1 in this case to avoid wrong sky]]
[2021.10.20-03.03.02:969][  0]LogConfig: Setting CVar [[r.SkyAtmosphere.AerialPerspectiveLUT.SampleCountMaxPerSlice:4]]
[2021.10.20-03.03.02:969][  0]LogConfig: Setting CVar [[r.SkyAtmosphere.AerialPerspectiveLUT.DepthResolution:16.0]]
[2021.10.20-03.03.02:969][  0]LogConfig: Setting CVar [[r.SkyAtmosphere.FastSkyLUT:1]]
[2021.10.20-03.03.02:969][  0]LogConfig: Setting CVar [[r.SkyAtmosphere.FastSkyLUT.SampleCountMin:4.0]]
[2021.10.20-03.03.02:969][  0]LogConfig: Setting CVar [[r.SkyAtmosphere.FastSkyLUT.SampleCountMax:128.0]]
[2021.10.20-03.03.02:969][  0]LogConfig: Setting CVar [[r.SkyAtmosphere.SampleCountMin:4.0]]
[2021.10.20-03.03.02:969][  0]LogConfig: Setting CVar [[r.SkyAtmosphere.SampleCountMax:128.0]]
[2021.10.20-03.03.02:969][  0]LogConfig: Setting CVar [[r.SkyAtmosphere.TransmittanceLUT.UseSmallFormat:0]]
[2021.10.20-03.03.02:969][  0]LogConfig: Setting CVar [[r.SkyAtmosphere.TransmittanceLUT.SampleCount:10.0]]
[2021.10.20-03.03.02:969][  0]LogConfig: Setting CVar [[r.SkyAtmosphere.MultiScatteringLUT.SampleCount:15.0]]
[2021.10.20-03.03.02:969][  0]LogConfig: Setting CVar [[r.SkyLight.RealTimeReflectionCapture:1]]
[2021.10.20-03.03.02:969][  0]LogConfig: Applying CVar settings from Section [FoliageQuality@3] File [C:/Users/nd_mo/Desktop/PennHwork/568 Game Design/UnrealAsteroids/UnrealAsteroidsProject/UnrealAsteroidsCPP_Repo/UnrealAsteroids_CPP/Saved/Config/Windows/Scalability.ini]
[2021.10.20-03.03.02:969][  0]LogConfig: Setting CVar [[foliage.DensityScale:1.0]]
[2021.10.20-03.03.02:969][  0]LogConfig: Setting CVar [[grass.DensityScale:1.0]]
[2021.10.20-03.03.02:969][  0]LogConfig: Applying CVar settings from Section [ShadingQuality@3] File [C:/Users/nd_mo/Desktop/PennHwork/568 Game Design/UnrealAsteroids/UnrealAsteroidsProject/UnrealAsteroidsCPP_Repo/UnrealAsteroids_CPP/Saved/Config/Windows/Scalability.ini]
[2021.10.20-03.03.02:969][  0]LogConfig: Setting CVar [[r.HairStrands.SkyLighting.IntegrationType:2]]
[2021.10.20-03.03.02:969][  0]LogConfig: Setting CVar [[r.HairStrands.SkyAO.SampleCount:4]]
[2021.10.20-03.03.02:969][  0]LogConfig: Setting CVar [[r.HairStrands.Visibility.MSAA.SamplePerPixel:4]]
[2021.10.20-03.03.02:969][  0]LogConfig: Applying CVar settings from Section [Startup] File [../../../Engine/Config/ConsoleVariables.ini]
[2021.10.20-03.03.02:970][  0]LogConfig: Setting CVar [[net.UseAdaptiveNetUpdateFrequency:0]]
[2021.10.20-03.03.02:970][  0]LogConfig: Setting CVar [[p.chaos.AllowCreatePhysxBodies:1]]
[2021.10.20-03.03.02:970][  0]LogConfig: Setting CVar [[fx.SkipVectorVMBackendOptimizations:1]]
[2021.10.20-03.03.02:970][  0]LogConfig: Applying CVar settings from Section [ConsoleVariables] File [C:/Users/nd_mo/Desktop/PennHwork/568 Game Design/UnrealAsteroids/UnrealAsteroidsProject/UnrealAsteroidsCPP_Repo/UnrealAsteroids_CPP/Saved/Config/Windows/Engine.ini]
[2021.10.20-03.03.02:970][  0]LogConfig: Applying CVar settings from Section [ConsoleVariables] File [C:/Users/nd_mo/Desktop/PennHwork/568 Game Design/UnrealAsteroids/UnrealAsteroidsProject/UnrealAsteroidsCPP_Repo/UnrealAsteroids_CPP/Saved/Config/Windows/Editor.ini]
[2021.10.20-03.03.02:970][  0]LogInit: Computer: MSI
[2021.10.20-03.03.02:970][  0]LogInit: User: ndmo
[2021.10.20-03.03.02:970][  0]LogInit: CPU Page size=4096, Cores=6
[2021.10.20-03.03.02:970][  0]LogInit: High frequency timer resolution =10.000000 MHz
[2021.10.20-03.03.02:970][  0]LogMemory: Memory total: Physical=31.8GB (32GB approx)
[2021.10.20-03.03.02:970][  0]LogMemory: Platform Memory Stats for Windows
[2021.10.20-03.03.02:970][  0]LogMemory: Process Physical Memory: 157.10 MB used, 157.11 MB peak
[2021.10.20-03.03.02:970][  0]LogMemory: Process Virtual Memory: 116.02 MB used, 116.02 MB peak
[2021.10.20-03.03.02:970][  0]LogMemory: Physical Memory: 12974.94 MB used,  19613.26 MB free, 32588.20 MB total
[2021.10.20-03.03.02:970][  0]LogMemory: Virtual Memory: 134197736.00 MB used,  19993.64 MB free, 134217728.00 MB total
[2021.10.20-03.03.03:030][  0]LogWindows: WindowsPlatformFeatures enabled
[2021.10.20-03.03.03:106][  0]LogInit: Physics initialised using underlying interface: PhysX
[2021.10.20-03.03.03:107][  0]LogInit: Using OS detected language (en-US).
[2021.10.20-03.03.03:107][  0]LogInit: Using OS detected locale (en-US).
[2021.10.20-03.03.03:120][  0]LogTextLocalizationManager: No specific localization for 'en-US' exists, so the 'en' localization will be used.
[2021.10.20-03.03.03:787][  0]LogInit: Setting process to per monitor DPI aware
[2021.10.20-03.03.03:831][  0]LogWindowsTextInputMethodSystem: Display: IME system deactivated.
[2021.10.20-03.03.03:877][  0]LogSlate: New Slate User Created.  User Index 0, Is Virtual User: 0
[2021.10.20-03.03.03:877][  0]LogSlate: Slate User Registered.  User Index 0, Is Virtual User: 0
[2021.10.20-03.03.04:246][  0]LogD3D12RHI: Aftermath initialized
[2021.10.20-03.03.04:246][  0]LogD3D12RHI: Loading WinPixEventRuntime.dll for PIX profiling (from ../../../Engine/Binaries/ThirdParty/Windows/WinPixEventRuntime/x64).
[2021.10.20-03.03.04:274][  0]LogHMD: Failed to initialize OpenVR with code 110
[2021.10.20-03.03.04:558][  0]LogD3D12RHI: Found D3D12 adapter 0: NVIDIA GeForce RTX 2070 Super (Max supported Feature Level 12_1)
[2021.10.20-03.03.04:558][  0]LogD3D12RHI: Adapter has 8011MB of dedicated video memory, 0MB of dedicated system memory, and 16294MB of shared system memory, 2 output[s]
[2021.10.20-03.03.04:599][  0]LogD3D12RHI: Found D3D12 adapter 1: Intel(R) UHD Graphics (Max supported Feature Level 12_1)
[2021.10.20-03.03.04:599][  0]LogD3D12RHI: Adapter has 128MB of dedicated video memory, 0MB of dedicated system memory, and 16294MB of shared system memory, 0 output[s]
[2021.10.20-03.03.04:614][  0]LogD3D12RHI: Found D3D12 adapter 2: Microsoft Basic Render Driver (Max supported Feature Level 12_1)
[2021.10.20-03.03.04:614][  0]LogD3D12RHI: Adapter has 0MB of dedicated video memory, 0MB of dedicated system memory, and 16294MB of shared system memory, 0 output[s]
[2021.10.20-03.03.04:614][  0]LogD3D12RHI: Forcing D3D12.AsyncDeferredDeletion=0 as a workaround for a deadlock.
[2021.10.20-03.03.04:614][  0]LogD3D12RHI: Chosen D3D12 Adapter Id = 0
[2021.10.20-03.03.04:622][  0]LogD3D12RHI: InitD3DDevice: -D3DDebug = off -D3D12GPUValidation = off
[2021.10.20-03.03.04:623][  0]LogD3D12RHI: Emitting draw events for PIX profiling.
[2021.10.20-03.03.04:782][  0]LogD3D12RHI: The system supports ID3D12Device1.
[2021.10.20-03.03.04:782][  0]LogD3D12RHI: The system supports ID3D12Device2.
[2021.10.20-03.03.04:782][  0]LogD3D12RHI: The system supports ID3D12Device5.
[2021.10.20-03.03.04:782][  0]LogD3D12RHI: The system supports ID3D12Device7.
[2021.10.20-03.03.04:782][  0]LogD3D12RHI: D3D12 ray tracing 1.0 is supported.
[2021.10.20-03.03.04:782][  0]LogD3D12RHI: D3D12 ray tracing 1.1 is supported.
[2021.10.20-03.03.04:930][  0]LogD3D12RHI: [GPUBreadCrumb] Successfully setup breadcrumb resource for 3D Queue 0
[2021.10.20-03.03.04:942][  0]LogD3D12RHI: [GPUBreadCrumb] Successfully setup breadcrumb resource for Copy Queue 0
[2021.10.20-03.03.04:966][  0]LogD3D12RHI: [GPUBreadCrumb] Successfully setup breadcrumb resource for Compute Queue 0
[2021.10.20-03.03.04:987][  0]LogD3D12RHI: Display: Not using pipeline state disk cache per r.D3D12.PSO.DiskCache=0
[2021.10.20-03.03.04:987][  0]LogD3D12RHI: Display: Not using driver-optimized pipeline state disk cache per r.D3D12.PSO.DriverOptimizedDiskCache=0
[2021.10.20-03.03.05:062][  0]LogD3D12RHI:     GPU DeviceId: 0x1e91 (for the marketing name, search the web for "GPU Device Id")
[2021.10.20-03.03.05:062][  0]LogWindows: EnumDisplayDevices:
[2021.10.20-03.03.05:062][  0]LogWindows:    0. 'Intel(R) UHD Graphics' (P:1 D:1)
[2021.10.20-03.03.05:062][  0]LogWindows:    1. 'Intel(R) UHD Graphics' (P:0 D:0)
[2021.10.20-03.03.05:063][  0]LogWindows:    2. 'Intel(R) UHD Graphics' (P:0 D:0)
[2021.10.20-03.03.05:063][  0]LogWindows:    3. 'NVIDIA GeForce RTX 2070 Super' (P:0 D:1)
[2021.10.20-03.03.05:063][  0]LogWindows:    4. 'NVIDIA GeForce RTX 2070 Super' (P:0 D:0)
[2021.10.20-03.03.05:064][  0]LogWindows:    5. 'NVIDIA GeForce RTX 2070 Super' (P:0 D:0)
[2021.10.20-03.03.05:064][  0]LogWindows:    6. 'NVIDIA GeForce RTX 2070 Super' (P:0 D:0)
[2021.10.20-03.03.05:064][  0]LogWindows: DebugString: PrimaryIsNotTheChoosenAdapter PrimaryIsNotTheChoosenAdapter PrimaryIsNotTheChoosenAdapter FoundDriverCount:4 
[2021.10.20-03.03.05:064][  0]LogD3D12RHI:     Adapter Name: NVIDIA GeForce RTX 2070 Super
[2021.10.20-03.03.05:064][  0]LogD3D12RHI:   Driver Version: 471.68 (internal:30.0.14.7168, unified:471.68)
[2021.10.20-03.03.05:064][  0]LogD3D12RHI:      Driver Date: 8-5-2021
[2021.10.20-03.03.05:064][  0]LogRHI: Texture pool is 4563 MB (70% of 6518 MB)
[2021.10.20-03.03.05:064][  0]LogD3D12RHI: Async texture creation enabled
[2021.10.20-03.03.05:064][  0]LogD3D12RHI: RHI has support for 64 bit atomics
[2021.10.20-03.03.05:076][  0]LogRHI: GeForceNow SDK initialized: 0
[2021.10.20-03.03.05:706][  0]LogTargetPlatformManager: Display: Loaded TargetPlatform 'AllDesktop'
[2021.10.20-03.03.05:752][  0]LogTargetPlatformManager: Display: Loaded TargetPlatform 'Android'
[2021.10.20-03.03.05:752][  0]LogTargetPlatformManager: Display: Loaded TargetPlatform 'Android_ASTC'
[2021.10.20-03.03.05:752][  0]LogTargetPlatformManager: Display: Loaded TargetPlatform 'Android_DXT'
[2021.10.20-03.03.05:752][  0]LogTargetPlatformManager: Display: Loaded TargetPlatform 'Android_ETC2'
[2021.10.20-03.03.05:752][  0]LogTargetPlatformManager: Display: Loaded TargetPlatform 'AndroidClient'
[2021.10.20-03.03.05:753][  0]LogTargetPlatformManager: Display: Loaded TargetPlatform 'Android_ASTCClient'
[2021.10.20-03.03.05:753][  0]LogTargetPlatformManager: Display: Loaded TargetPlatform 'Android_DXTClient'
[2021.10.20-03.03.05:753][  0]LogTargetPlatformManager: Display: Loaded TargetPlatform 'Android_ETC2Client'
[2021.10.20-03.03.05:753][  0]LogTargetPlatformManager: Display: Loaded TargetPlatform 'Android_Multi'
[2021.10.20-03.03.05:753][  0]LogTargetPlatformManager: Display: Loaded TargetPlatform 'Android_MultiClient'
[2021.10.20-03.03.05:788][  0]LogTargetPlatformManager: Display: Loaded TargetPlatform 'IOSClient'
[2021.10.20-03.03.05:788][  0]LogTargetPlatformManager: Display: Loaded TargetPlatform 'IOS'
[2021.10.20-03.03.05:815][  0]LogTargetPlatformManager: Display: Loaded TargetPlatform 'Linux'
[2021.10.20-03.03.05:824][  0]LogTargetPlatformManager: Display: Loaded TargetPlatform 'LinuxNoEditor'
[2021.10.20-03.03.05:833][  0]LogTargetPlatformManager: Display: Loaded TargetPlatform 'LinuxClient'
[2021.10.20-03.03.05:842][  0]LogTargetPlatformManager: Display: Loaded TargetPlatform 'LinuxServer'
[2021.10.20-03.03.05:860][  0]LogTargetPlatformManager: Display: Loaded TargetPlatform 'LinuxAArch64NoEditor'
[2021.10.20-03.03.05:867][  0]LogTargetPlatformManager: Display: Loaded TargetPlatform 'LinuxAArch64Client'
[2021.10.20-03.03.05:875][  0]LogTargetPlatformManager: Display: Loaded TargetPlatform 'LinuxAArch64Server'
[2021.10.20-03.03.05:924][  0]LogTargetPlatformManager: Display: Loaded TargetPlatform 'Lumin'
[2021.10.20-03.03.05:924][  0]LogTargetPlatformManager: Display: Loaded TargetPlatform 'LuminClient'
[2021.10.20-03.03.05:942][  0]LogTargetPlatformManager: Display: Loaded TargetPlatform 'MacNoEditor'
[2021.10.20-03.03.05:952][  0]LogTargetPlatformManager: Display: Loaded TargetPlatform 'Mac'
[2021.10.20-03.03.05:961][  0]LogTargetPlatformManager: Display: Loaded TargetPlatform 'MacClient'
[2021.10.20-03.03.05:971][  0]LogTargetPlatformManager: Display: Loaded TargetPlatform 'MacServer'
[2021.10.20-03.03.05:994][  0]LogTargetPlatformManager: Display: Loaded TargetPlatform 'TVOSClient'
[2021.10.20-03.03.05:994][  0]LogTargetPlatformManager: Display: Loaded TargetPlatform 'TVOS'
[2021.10.20-03.03.06:019][  0]LogTargetPlatformManager: Display: Loaded TargetPlatform 'WindowsNoEditor'
[2021.10.20-03.03.06:027][  0]LogTargetPlatformManager: Display: Loaded TargetPlatform 'Windows'
[2021.10.20-03.03.06:035][  0]LogTargetPlatformManager: Display: Loaded TargetPlatform 'WindowsClient'
[2021.10.20-03.03.06:044][  0]LogTargetPlatformManager: Display: Loaded TargetPlatform 'WindowsServer'
[2021.10.20-03.03.06:044][  0]LogTargetPlatformManager: Display: Building Assets For Windows
[2021.10.20-03.03.06:063][  0]LogAudioDebug: Display: Lib vorbis DLL was dynamically loaded.
[2021.10.20-03.03.06:202][  0]LogTextureFormatOodle: Display: Oodle Texture 2.9.0 init RDO Off
[2021.10.20-03.03.06:335][  0]LogRendererCore: Ray tracing is enabled for the editor. Reason: r.RayTracing=1.
[2021.10.20-03.03.06:335][  0]LogShaderCompilers: Guid format shader working directory is -100 characters bigger than the processId version (../../../../../../Users/nd_mo/Desktop/PennHwork/568 Game Design/UnrealAsteroids/UnrealAsteroidsProject/UnrealAsteroidsCPP_Repo/UnrealAsteroids_CPP/Intermediate/Shaders/WorkingDirectory/2064/).
[2021.10.20-03.03.06:336][  0]LogShaderCompilers: Cleaned the shader compiler working directory 'C:/Users/nd_mo/AppData/Local/Temp/UnrealShaderWorkingDir/101AFFA64D83A9CBBDA5BB802A6C4557/'.
[2021.10.20-03.03.06:337][  0]LogXGEController: Cannot use XGE Controller as Incredibuild is not installed on this machine.
[2021.10.20-03.03.06:337][  0]LogShaderCompilers: Cannot use XGE Shader Compiler as Incredibuild is not installed on this machine.
[2021.10.20-03.03.06:337][  0]LogShaderCompilers: Display: Using Local Shader Compiler.
[2021.10.20-03.03.08:017][  0]LogDerivedDataCache: Display: Max Cache Size: 512 MB
[2021.10.20-03.03.08:158][  0]LogDerivedDataCache: Loaded boot cache 0.14s 132MB C:/Users/nd_mo/AppData/Local/UnrealEngine/4.27/DerivedDataCache/Boot.ddc.
[2021.10.20-03.03.08:158][  0]LogDerivedDataCache: Display: Loaded Boot cache: C:/Users/nd_mo/AppData/Local/UnrealEngine/4.27/DerivedDataCache/Boot.ddc
[2021.10.20-03.03.08:158][  0]LogDerivedDataCache: FDerivedDataBackendGraph:  Pak pak cache file ../../../../../../Users/nd_mo/Desktop/PennHwork/568 Game Design/UnrealAsteroids/UnrealAsteroidsProject/UnrealAsteroidsCPP_Repo/UnrealAsteroids_CPP/DerivedDataCache/DDC.ddp not found, will not use a pak cache.
[2021.10.20-03.03.08:158][  0]LogDerivedDataCache: Unable to find inner node Pak for hierarchical cache Hierarchy.
[2021.10.20-03.03.08:158][  0]LogDerivedDataCache: FDerivedDataBackendGraph:  CompressedPak pak cache file ../../../../../../Users/nd_mo/Desktop/PennHwork/568 Game Design/UnrealAsteroids/UnrealAsteroidsProject/UnrealAsteroidsCPP_Repo/UnrealAsteroids_CPP/DerivedDataCache/Compressed.ddp not found, will not use a pak cache.
[2021.10.20-03.03.08:158][  0]LogDerivedDataCache: Unable to find inner node CompressedPak for hierarchical cache Hierarchy.
[2021.10.20-03.03.08:183][  0]LogDerivedDataCache: Display: Pak cache opened for reading ../../../Engine/DerivedDataCache/Compressed.ddp.
[2021.10.20-03.03.08:183][  0]LogDerivedDataCache: FDerivedDataBackendGraph:  EnterprisePak pak cache file ../../../Enterprise/DerivedDataCache/Compressed.ddp not found, will not use a pak cache.
[2021.10.20-03.03.08:183][  0]LogDerivedDataCache: Unable to find inner node EnterprisePak for hierarchical cache Hierarchy.
[2021.10.20-03.03.08:204][  0]LogDerivedDataCache: Speed tests for C:/Users/nd_mo/AppData/Local/UnrealEngine/Common/DerivedDataCache took 0.02 seconds
[2021.10.20-03.03.08:204][  0]LogDerivedDataCache: Display: Performance to C:/Users/nd_mo/AppData/Local/UnrealEngine/Common/DerivedDataCache: Latency=0.05ms. RandomReadSpeed=720.86MBs, RandomWriteSpeed=47.88MBs. Assigned SpeedClass 'Local'
[2021.10.20-03.03.08:205][  0]LogDerivedDataCache: Using Local data cache path C:/Users/nd_mo/AppData/Local/UnrealEngine/Common/DerivedDataCache: Writable
[2021.10.20-03.03.08:206][  0]LogDerivedDataCache: Shared data cache path not found in *engine.ini, will not use an Shared cache.
[2021.10.20-03.03.08:206][  0]LogDerivedDataCache: Unable to find inner node Shared for hierarchical cache Hierarchy.
[2021.10.20-03.03.08:311][  0]LogSlate: Using FreeType 2.10.0
[2021.10.20-03.03.08:312][  0]LogSlate: SlateFontServices - WITH_FREETYPE: 1, WITH_HARFBUZZ: 1
[2021.10.20-03.03.08:363][  0]LogAssetRegistry: FAssetRegistry took 0.0037 seconds to start up
[2021.10.20-03.03.08:833][  0]LogInit: Selected Device Profile: [Windows]
[2021.10.20-03.03.08:833][  0]LogInit: Active device profile: [000001A1293B3B00][000001A128BD05C0 49] Windows
[2021.10.20-03.03.08:833][  0]LogInit: Profiles: [000001A1293B3B00][000001A128BD05C0 49] Windows, [000001A129354900][000001A128BDC880 49] WindowsNoEditor, [000001A1293B0900][000001A128BE4B40 49] WindowsServer, [000001A129357900][000001A128BD4DC0 49] WindowsClient, [000001A1293B3900][000001A128BE9040 49] IOS, [000001A129354100][000001A128BF1300 49] iPadAir, [000001A1293B0500][000001A128BF55C0 49] iPadAir2, [000001A12930CE00][000001A1223C1B00 49] IPadPro, [000001A12930CF00][000001A128BE1B40 49] iPadAir3, [000001A1293B3700][000001A128BF8280 49] iPadAir4, [000001A12930CB00][000001A128BD8540 49] iPadMini2, [000001A1293B0400][000001A128BFC800 49] iPadMini3, [000001A12930D700][000001A122456AC0 49] iPadMini4, [000001A1293B3600][000001A128938D80 49] iPadMini5, [000001A129357000][000001A1223CD240 49] iPhone6, [000001A129356F00][000001A128BED280 49] iPodTouch6, [000001A12930F700][000001A1253997C0 49] iPhone7, [000001A12930F600][000001A1223C9800 49] iPodTouch7, [000001A129357E00][000001A1223D1AC0 49] iPhone5S, [000001A12930C600][000001A1223C4200 49] iPhone6Plus, [000001A129354F00][000001A1223D44C0 49] iPhone6S, [000001A12930F100][000001A12539C780 49] iPhone6SPlus, [000001A129354300][000001A1253A0A40 49] iPhone7Plus, [000001A12930C200][000001A1253A4D00 49] iPhoneSE, [000001A129356400][000001A1253A8FC0 49] iPhone8, [000001A12930EC00][000001A12893D240 49] iPhone8Plus, [000001A129354B00][000001A1253B1500 49] iPhoneX, [000001A12930D000][000001A1253B57C0 49] iPhoneXS, [000001A129356100][000001A1253B9A80 49] iPhoneXSMax, [000001A12930E900][000001A1253BC1C0 49] iPhoneXR, [000001A129354800][000001A11BF3C480 49] iPhone11, [000001A12930C300][000001A11BF40740 49] iPhone11Pro, [000001A129355D00][000001A11BF44A00 49] iPhone11ProMax, [000001A12930C900][000001A11BF48CC0 49] iPhoneSE2, [000001A129356700][000001A11BF4CF80 49] iPhone12Mini, [000001A12930DB00][000001A1253AD200 49] iPhone12, [000001A129355B00][000001A11BF51480 49] iPhone12Pro, [000001A12930CC00][000001A11BF59740 49] iPhone12ProMax, [000001A129356B00][000001A11BF5DA00 49] iPadPro105, [000001A12930DD00][000001A11BF60140 49] iPadPro129, [000001A129357500][000001A11BF64400 49] iPadPro97, [000001A12930E400][000001A11BF686C0 49] iPadPro2_129, [000001A129355500][000001A11BF6C980 49] iPad5, [000001A12930E700][000001A11BF70C40 49] iPad6, [000001A129355A00][000001A11BF74F00 49] iPad7, [000001A12930F000][000001A11BF791C0 49] iPad8, [000001A129355800][000001A11BF55440 49] iPadPro11, [000001A12930E100][000001A128A716C0 49] iPadPro2_11, [000001A129355400][000001A128A79980 49] iPadPro3_129, [000001A12930D800][000001A128A7C0C0 49] iPadPro4_129, [000001A129356200][000001A128A80380 49] AppleTV, [000001A12930EB00][000001A128A84640 49] AppleTV4K, [000001A129357C00][000001A128A88900 49] TVOS, [000001A12930FF00][000001A128A8CBC0 49] Mac, [000001A129356C00][000001A128A90E80 49] MacClient, [000001A12930F300][000001A128A95140 49] MacNoEditor, [000001A129356900][000001A128A99400 49] MacServer, [000001A12930C400][000001A128A75680 49] Linux, [000001A129354D00][000001A128A9D900 49] LinuxAArch64, [000001A12930D200][000001A128AA5BC0 49] LinuxNoEditor, [000001A129355000][000001A128AA8300 49] LinuxAArch64NoEditor, [000001A12930E500][000001A128AAC5C0 49] LinuxClient, [000001A129355F00][000001A128AB0880 49] LinuxAArch64Client, [000001A12930E000][000001A128AB4B40 49] LinuxServer, [000001A129355200][000001A128AB8E00 49] LinuxAArch64Server, [000001A12930F800][000001A128ABD0C0 49] Android, [000001A129354700][000001A128AC1380 49] Android_Low, [000001A1293B0A00][000001A128AC5640 49] Android_Mid, [000001A1293FD600][000001A128AA18C0 49] Android_High, [000001A1293B2800][000001A128AC9B40 49] Android_Default, [000001A1293FD300][000001A128B60280 49] Android_Adreno4xx, [000001A1293B3200][000001A128B64540 49] Android_Adreno5xx_Low, [000001A1293FD000][000001A128B68800 49] Android_Adreno5xx, [000001A1293B2A00][000001A128B6CAC0 49] Android_Adreno6xx, [000001A1293FDE00][000001A128B70D80 49] Android_Adreno6xx_Vulkan, [000001A1293B0800][000001A128B75040 49] Android_Mali_T6xx, [000001A1293FCB00][000001A128B79300 49] Android_Mali_T7xx, [000001A1293B2300][000001A128B7D5C0 49] Android_Mali_T8xx, [000001A1293FE300][000001A128B81880 49] Android_Mali_G71, [000001A1293B0B00][000001A128ACDB00 49] Android_Mali_G72, [000001A1293FC800][000001A128B84200 49] Android_Mali_G72_Vulkan, [000001A1293B1900][000001A128B8C4C0 49] Android_Mali_G76, [000001A1293FC500][000001A128B90780 49] Android_Mali_G76_Vulkan, [000001A1293B3300][000001A128B94A40 49] Android_Mali_G77, [000001A1293FDC00][000001A128B98D00 49] Android_Mali_G77_Vulkan, [000001A1293B0100][000001A128B9CFC0 49] Android_Mali_G78, [000001A1293FD200][000001A128BA1280 49] Android_Mali_G78_Vulkan, [000001A129355300][000001A128BA5540 49] Android_Mali_G710, [000001A12930C800][000001A128BA9800 49] Android_Mali_G710_Vulkan, [000001A129356300][000001A128BADAC0 49] Android_Vulkan_SM5, [000001A12930D300][000001A128B881C0 49] Android_PowerVR_G6xxx, [000001A129355700][000001A128BB0440 49] Android_PowerVR_GT7xxx, [000001A1293FDD00][000001A128BB8700 49] Android_PowerVR_GE8xxx, [000001A129356800][000001A128BBC9C0 49] Android_PowerVR_GM9xxx, [000001A1293FCF00][000001A128BC0C80 49] Android_PowerVR_GM9xxx_Vulkan, [000001A129354C00][000001A128BC4F40 49] Android_TegraK1, [000001A1293FC400][000001A128BC9200 49] Android_Unknown_Vulkan, [000001A129355900][000001A128BCD4C0 49] Lumin, [000001A1293FD400][000001A12A339780 49] Lumin_Desktop, [000001A129355C00][000001A12A33DA40 49] HoloLens, 
[2021.10.20-03.03.09:055][  0]LogMeshReduction: Using QuadricMeshReduction for automatic static mesh reduction
[2021.10.20-03.03.09:055][  0]LogMeshReduction: Using SimplygonMeshReduction for automatic skeletal mesh reduction
[2021.10.20-03.03.09:056][  0]LogMeshReduction: Using ProxyLODMeshReduction for automatic mesh merging
[2021.10.20-03.03.09:056][  0]LogMeshReduction: No distributed automatic mesh merging module available
[2021.10.20-03.03.09:056][  0]LogMeshMerging: No distributed automatic mesh merging module available
[2021.10.20-03.03.09:551][  0]LogNetVersion: UnrealAsteroids_CPP 1.0.0, NetCL: 17155196, EngineNetVer: 17, GameNetVer: 0 (Checksum: 1958026070)
[2021.10.20-03.03.10:329][  0]LogTexture: Default maximum texture size for cubemaps generated from long-lat sources has been changed from 512 to unlimited. In order to preserve old behaiour for '/Engine/MapTemplates/Sky/DaylightAmbientCubemap.DaylightAmbientCubemap', its maximum texture size has been explicitly set to 512.
[2021.10.20-03.03.10:447][  0]LogHMD: PokeAHoleMaterial loaded successfully
[2021.10.20-03.03.10:457][  0]LogUObjectArray: 17178 objects as part of root set at end of initial load.
[2021.10.20-03.03.10:457][  0]LogUObjectAllocator: 4301856 out of 0 bytes used by permanent object pool.
[2021.10.20-03.03.10:457][  0]LogUObjectArray: CloseDisregardForGC: 0/0 objects in disregard for GC pool
[2021.10.20-03.03.10:672][  0]LogD3D12RHI: Creating RTPSO with 3 shaders (0 cached, 3 new) took 35.99 ms. Compile time 18.86 ms, link time 17.08 ms.
[2021.10.20-03.03.11:114][  0]LogNiagaraDebuggerClient: Niagara Debugger Client Initialized | Session: A69BF51F4490DE574B742BB963A84361 | Instance: 763EBA914D76AB1B5BEB39BC53719F95 (MSI-2064).
[2021.10.20-03.03.11:297][  0]LogImageWrapper: Warning: PNG Warning: Duplicate iCCP chunk
[2021.10.20-03.03.11:297][  0]LogImageWrapper: Warning: PNG Warning: Duplicate iCCP chunk
[2021.10.20-03.03.11:297][  0]LogPython: Using Python 3.7.7
[2021.10.20-03.03.12:110][  0]LogTcpMessaging: Initializing TcpMessaging bridge
[2021.10.20-03.03.12:118][  0]LogUdpMessaging: Initializing bridge on interface 0.0.0.0:0 to multicast group 230.0.0.1:6666.
[2021.10.20-03.03.13:030][  0]SourceControl: Source control is disabled
[2021.10.20-03.03.13:030][  0]SourceControl: Source control is disabled
[2021.10.20-03.03.13:040][  0]SourceControl: Source control is disabled
[2021.10.20-03.03.13:045][  0]SourceControl: Source control is disabled
[2021.10.20-03.03.13:054][  0]SourceControl: Source control is disabled
[2021.10.20-03.03.13:063][  0]LogUProjectInfo: Found projects:
[2021.10.20-03.03.13:321][  0]LogOpenImageDenoise: OIDN starting up
[2021.10.20-03.03.13:370][  0]LogAndroidPermission: UAndroidPermissionCallbackProxy::GetInstance
[2021.10.20-03.03.13:399][  0]LogAudioCaptureCore: Display: No Audio Capture implementations found. Audio input will be silent.
[2021.10.20-03.03.13:399][  0]LogAudioCaptureCore: Display: No Audio Capture implementations found. Audio input will be silent.
[2021.10.20-03.03.13:576][  0]LogCollectionManager: Loaded 0 collections in 0.002116 seconds
[2021.10.20-03.03.13:613][  0]LogFileCache: Scanning file cache for directory 'C:/Users/nd_mo/Desktop/PennHwork/568 Game Design/UnrealAsteroids/UnrealAsteroidsProject/UnrealAsteroidsCPP_Repo/UnrealAsteroids_CPP/Saved/Collections/' took 0.00s
[2021.10.20-03.03.13:613][  0]LogFileCache: Scanning file cache for directory 'C:/Users/nd_mo/Desktop/PennHwork/568 Game Design/UnrealAsteroids/UnrealAsteroidsProject/UnrealAsteroidsCPP_Repo/UnrealAsteroids_CPP/Content/Developers/ndmo/Collections/' took 0.00s
[2021.10.20-03.03.13:613][  0]LogFileCache: Scanning file cache for directory 'C:/Users/nd_mo/Desktop/PennHwork/568 Game Design/UnrealAsteroids/UnrealAsteroidsProject/UnrealAsteroidsCPP_Repo/UnrealAsteroids_CPP/Content/Collections/' took 0.00s
[2021.10.20-03.03.13:613][  0]LogOcInput: OculusInput pre-init called
[2021.10.20-03.03.14:175][  0]LogImageWrapper: Warning: PNG Warning: Duplicate iCCP chunk
[2021.10.20-03.03.14:175][  0]LogImageWrapper: Warning: PNG Warning: Duplicate iCCP chunk
[2021.10.20-03.03.14:263][  0]LogEngine: Initializing Engine...
[2021.10.20-03.03.14:267][  0]LogHMD: Failed to enumerate extensions. Please check that you have a valid OpenXR runtime installed.
[2021.10.20-03.03.14:267][  0]LogHMD: Failed to initialize OpenVR with code 110
[2021.10.20-03.03.14:267][  0]LogMagicLeap: Warning: VR disabled because ZI is not enabled.  To enable, in the editor, Edit -> Project Settings -> Plugins -> Magic Leap Plugin -> Enable Zero Iteration
[2021.10.20-03.03.14:269][  0]LogStats: UGameplayTagsManager::InitializeManager -  0.000 s
[2021.10.20-03.03.14:462][  0]LogInit: Initializing FReadOnlyCVARCache
[2021.10.20-03.03.14:498][  0]LogAIModule: Creating AISystem for world Untitled
[2021.10.20-03.03.14:500][  0]LogAudio: Display: Initializing Audio Device Manager...
[2021.10.20-03.03.14:512][  0]LogAudio: Display: Loading Default Audio Settings Objects...
[2021.10.20-03.03.14:513][  0]LogAudio: Display: No default SoundConcurrencyObject specified (or failed to load).
[2021.10.20-03.03.14:514][  0]LogAudio: Display: Audio Device Manager Initialized
[2021.10.20-03.03.14:514][  0]LogAudio: Display: Creating Audio Device:                 Id: 1, Scope: Shared, Realtime: True
[2021.10.20-03.03.14:514][  0]LogAudioMixer: Display: Audio Mixer Platform Settings:
[2021.10.20-03.03.14:514][  0]LogAudioMixer: Display: 	Sample Rate:						  48000
[2021.10.20-03.03.14:514][  0]LogAudioMixer: Display: 	Callback Buffer Frame Size Requested: 1024
[2021.10.20-03.03.14:515][  0]LogAudioMixer: Display: 	Callback Buffer Frame Size To Use:	  1024
[2021.10.20-03.03.14:515][  0]LogAudioMixer: Display: 	Number of buffers to queue:			  2
[2021.10.20-03.03.14:515][  0]LogAudioMixer: Display: 	Max Channels (voices):				  32
[2021.10.20-03.03.14:515][  0]LogAudioMixer: Display: 	Number of Async Source Workers:		  0
[2021.10.20-03.03.14:515][  0]LogAudio: Display: AudioDevice MaxSources: 32
[2021.10.20-03.03.14:515][  0]LogAudio: Display: Audio Spatialization Plugin: None (built-in).
[2021.10.20-03.03.14:515][  0]LogAudio: Display: Audio Reverb Plugin: None (built-in).
[2021.10.20-03.03.14:515][  0]LogAudio: Display: Audio Occlusion Plugin: None (built-in).
[2021.10.20-03.03.14:515][  0]LogAudioMixer: Display: Initializing audio mixer.
[2021.10.20-03.03.14:598][  0]LogAudioMixer: Display: 0: FrontLeft
[2021.10.20-03.03.14:598][  0]LogAudioMixer: Display: 1: FrontRight
[2021.10.20-03.03.15:319][  0]LogAudioMixer: Display: Using Audio Device Speakers (Realtek(R) Audio)
[2021.10.20-03.03.15:320][  0]LogAudioMixer: Display: Initializing Sound Submixes...
[2021.10.20-03.03.15:325][  0]LogAudioMixer: Display: Creating Master Submix 'MasterSubmixDefault'
[2021.10.20-03.03.15:325][  0]LogAudioMixer: Display: Creating Master Submix 'MasterReverbSubmixDefault'
[2021.10.20-03.03.15:328][  0]LogAudioMixer: Display: Creating Master Submix 'MasterEQSubmixDefault'
[2021.10.20-03.03.15:328][  0]LogAudioMixer: FMixerPlatformXAudio2::StartAudioStream() called
[2021.10.20-03.03.15:328][  0]LogAudioMixer: Display: Output buffers initialized: Frames=1024, Channels=2, Samples=2048
[2021.10.20-03.03.15:331][  0]LogAudioMixer: Display: Starting AudioMixerPlatformInterface::RunInternal()
[2021.10.20-03.03.15:331][  0]LogAudioMixer: Display: FMixerPlatformXAudio2::SubmitBuffer() called for the first time
[2021.10.20-03.03.15:331][  0]LogInit: FAudioDevice initialized.
[2021.10.20-03.03.15:332][  0]LogAudio: Display: Audio Device (ID: 1) registered with world 'Untitled'.
[2021.10.20-03.03.15:332][  0]LogNetVersion: Set ProjectVersion to 1.0.0.0. Version Checksum will be recalculated on next use.
[2021.10.20-03.03.15:428][  0]LogDerivedDataCache: Saved boot cache 0.10s 132MB C:/Users/nd_mo/AppData/Local/UnrealEngine/4.27/DerivedDataCache/Boot.ddc.
[2021.10.20-03.03.15:432][  0]LogInit: Texture streaming: Enabled
[2021.10.20-03.03.15:450][  0]LogAnalytics: Display: [UEEditor.Rocket.Release] APIServer = https://datarouter.ol.epicgames.com/. AppVersion = 4.27.1-17735300+++UE4+Release-4.27
[2021.10.20-03.03.15:458][  0]LogEngineSessionManager: EngineSessionManager initialized
[2021.10.20-03.03.15:458][  0]LogEditorSessionSummary: Verbose: Initializing EditorSessionSummaryWriter for editor session tracking
[2021.10.20-03.03.15:472][  0]LogEditorSessionSummary: EditorSessionSummaryWriter initialized
[2021.10.20-03.03.15:559][  0]LogInit: Transaction tracking system initialized
[2021.10.20-03.03.15:597][  0]BlueprintLog: New page: Editor Load
[2021.10.20-03.03.15:686][  0]LocalizationService: Localization service is disabled
[2021.10.20-03.03.15:721][  0]TimingProfiler: Initialize
[2021.10.20-03.03.15:721][  0]TimingProfiler: OnSessionChanged
[2021.10.20-03.03.15:721][  0]LoadingProfiler: Initialize
[2021.10.20-03.03.15:721][  0]LoadingProfiler: OnSessionChanged
[2021.10.20-03.03.15:721][  0]NetworkingProfiler: Initialize
[2021.10.20-03.03.15:722][  0]NetworkingProfiler: OnSessionChanged
[2021.10.20-03.03.15:722][  0]MemoryProfiler: Initialize
[2021.10.20-03.03.15:722][  0]MemoryProfiler: OnSessionChanged
[2021.10.20-03.03.16:162][  0]LogCook: Display: CookSettings for Memory: MemoryMaxUsedVirtual 0MiB, MemoryMaxUsedPhysical 16384MiB, MemoryMinFreeVirtual 0MiB, MemoryMinFreePhysical 1024MiB
[2021.10.20-03.03.16:162][  0]LogCook: Display: Mobile HDR setting 1
[2021.10.20-03.03.16:479][  0]LogFileCache: Scanning file cache for directory 'C:/Users/nd_mo/Desktop/PennHwork/568 Game Design/UnrealAsteroids/UnrealAsteroidsProject/UnrealAsteroidsCPP_Repo/UnrealAsteroids_CPP/Content/' took 0.01s
[2021.10.20-03.03.17:234][  0]LogImageWrapper: Warning: PNG Warning: Duplicate iCCP chunk
[2021.10.20-03.03.17:234][  0]LogImageWrapper: Warning: PNG Warning: Duplicate iCCP chunk
[2021.10.20-03.03.17:234][  0]LogInit: Display: Engine is initialized. Leaving FEngineLoop::Init()
[2021.10.20-03.03.17:242][  0]SourceControl: Source control is disabled
[2021.10.20-03.03.17:243][  0]LogUnrealEdMisc: Loading editor; pre map load, took 16.994
[2021.10.20-03.03.17:243][  0]LightingResults: New page: Lighting Build
[2021.10.20-03.03.17:245][  0]LogWorld: UWorld::CleanupWorld for Untitled, bSessionEnded=true, bCleanupResources=true
[2021.10.20-03.03.17:245][  0]LogSlate: InvalidateAllWidgets triggered.  All widgets were invalidated
[2021.10.20-03.03.17:246][  0]MapCheck: New page: Map Check
[2021.10.20-03.03.17:246][  0]LightingResults: New page: Lighting Build
[2021.10.20-03.03.17:258][  0]LogAudio: Display: Audio Device unregistered from world 'None'.
[2021.10.20-03.03.17:264][  0]LogUObjectHash: Compacting FUObjectHashTables data took   1.79ms
[2021.10.20-03.03.17:447][  0]LogTexture: Display: Building textures: DeprecatedTextureD6C57B644F03DADF4F2699848FAEA3C3 (BGRA8, 128X128)
[2021.10.20-03.03.17:457][  0]LogTexture: Display: Building textures: DeprecatedTexture8D91C9AE4C6B8D628CDA3C848426284A (BGRA8, 128X128)
[2021.10.20-03.03.17:511][  0]LogAudio: Display: Audio Device (ID: 1) registered with world 'Minimal_Default'.
[2021.10.20-03.03.17:512][  0]LogAIModule: Creating AISystem for world Minimal_Default
[2021.10.20-03.03.17:520][  0]LogEditorServer: Finished looking for orphan Actors (0.000 secs)
[2021.10.20-03.03.17:571][  0]LogUObjectHash: Compacting FUObjectHashTables data took   2.09ms
[2021.10.20-03.03.17:571][  0]Cmd: MAP CHECKDEP NOCLEARLOG
[2021.10.20-03.03.17:572][  0]MapCheck: Map check complete: 0 Error(s), 0 Warning(s), took 0.472ms to complete.
[2021.10.20-03.03.17:572][  0]LogFileHelpers: Loading map 'Minimal_Default' took 0.330
[2021.10.20-03.03.17:579][  0]LogUnrealEdMisc: Total Editor Startup Time, took 17.331
[2021.10.20-03.03.17:731][  0]LogSlate: Updating window title bar state: overlay mode, drag disabled, window buttons hidden, title bar hidden
[2021.10.20-03.03.17:745][  0]LogSlate: Updating window title bar state: overlay mode, drag disabled, window buttons hidden, title bar hidden
[2021.10.20-03.03.17:758][  0]LogSlate: Updating window title bar state: overlay mode, drag disabled, window buttons hidden, title bar hidden
[2021.10.20-03.03.17:770][  0]LogSlate: Updating window title bar state: overlay mode, drag disabled, window buttons hidden, title bar hidden
[2021.10.20-03.03.17:801][  0]LogNativeClassHierarchy: Verbose: Native class hierarchy populated in 0.0160 seconds. Added 3823 classes and 930 folders.
[2021.10.20-03.03.17:804][  0]LogNativeClassHierarchy: Verbose: Native class hierarchy updated for 'WidgetCarousel' in 0.0004 seconds. Added 0 classes and 0 folders.
[2021.10.20-03.03.17:807][  0]LogPakFile: PakFile PrimaryIndexSize=187
[2021.10.20-03.03.17:807][  0]LogPakFile: PakFile PathHashIndexSize=101
[2021.10.20-03.03.17:807][  0]LogPakFile: PakFile FullDirectoryIndexSize=148
[2021.10.20-03.03.17:807][  0]LogShaderLibrary: Display: ShaderCodeLibraryPakFileMountedCallback: PakFile 'C:/Program Files/Epic Games/UE_4.27/FeaturePacks/FP_FirstPerson.upack' (chunk index -1, root 'root:/') mounted
[2021.10.20-03.03.17:807][  0]LogShaderLibrary: Display: ShaderCodeLibraryPakFileMountedCallback: pending pak file info (ChunkID:-1 Root:root:/ File:C:/Program Files/Epic Games/UE_4.27/FeaturePacks/FP_FirstPerson.upack)
[2021.10.20-03.03.17:807][  0]LogPakFile: OnPakFileMounted2Time == 0.000077
[2021.10.20-03.03.17:808][  0]LogPakFile: PakFile PrimaryIndexSize=189
[2021.10.20-03.03.17:808][  0]LogPakFile: PakFile PathHashIndexSize=101
[2021.10.20-03.03.17:808][  0]LogPakFile: PakFile FullDirectoryIndexSize=152
[2021.10.20-03.03.17:808][  0]LogShaderLibrary: Display: ShaderCodeLibraryPakFileMountedCallback: PakFile 'C:/Program Files/Epic Games/UE_4.27/FeaturePacks/FP_FirstPersonBP.upack' (chunk index -1, root 'root:/') mounted
[2021.10.20-03.03.17:808][  0]LogShaderLibrary: Display: ShaderCodeLibraryPakFileMountedCallback: pending pak file info (ChunkID:-1 Root:root:/ File:C:/Program Files/Epic Games/UE_4.27/FeaturePacks/FP_FirstPersonBP.upack)
[2021.10.20-03.03.17:808][  0]LogPakFile: OnPakFileMounted2Time == 0.000060
[2021.10.20-03.03.17:809][  0]LogPakFile: PakFile PrimaryIndexSize=191
[2021.10.20-03.03.17:809][  0]LogPakFile: PakFile PathHashIndexSize=101
[2021.10.20-03.03.17:809][  0]LogPakFile: PakFile FullDirectoryIndexSize=160
[2021.10.20-03.03.17:809][  0]LogShaderLibrary: Display: ShaderCodeLibraryPakFileMountedCallback: PakFile 'C:/Program Files/Epic Games/UE_4.27/FeaturePacks/MobileStarterContent.upack' (chunk index -1, root 'root:/') mounted
[2021.10.20-03.03.17:809][  0]LogShaderLibrary: Display: ShaderCodeLibraryPakFileMountedCallback: pending pak file info (ChunkID:-1 Root:root:/ File:C:/Program Files/Epic Games/UE_4.27/FeaturePacks/MobileStarterContent.upack)
[2021.10.20-03.03.17:809][  0]LogPakFile: OnPakFileMounted2Time == 0.000056
[2021.10.20-03.03.17:810][  0]LogPakFile: PakFile PrimaryIndexSize=185
[2021.10.20-03.03.17:810][  0]LogPakFile: PakFile PathHashIndexSize=101
[2021.10.20-03.03.17:810][  0]LogPakFile: PakFile FullDirectoryIndexSize=148
[2021.10.20-03.03.17:810][  0]LogShaderLibrary: Display: ShaderCodeLibraryPakFileMountedCallback: PakFile 'C:/Program Files/Epic Games/UE_4.27/FeaturePacks/StarterContent.upack' (chunk index -1, root 'root:/') mounted
[2021.10.20-03.03.17:810][  0]LogShaderLibrary: Display: ShaderCodeLibraryPakFileMountedCallback: pending pak file info (ChunkID:-1 Root:root:/ File:C:/Program Files/Epic Games/UE_4.27/FeaturePacks/StarterContent.upack)
[2021.10.20-03.03.17:810][  0]LogPakFile: OnPakFileMounted2Time == 0.000064
[2021.10.20-03.03.17:811][  0]LogPakFile: PakFile PrimaryIndexSize=190
[2021.10.20-03.03.17:811][  0]LogPakFile: PakFile PathHashIndexSize=101
[2021.10.20-03.03.17:811][  0]LogPakFile: PakFile FullDirectoryIndexSize=154
[2021.10.20-03.03.17:811][  0]LogShaderLibrary: Display: ShaderCodeLibraryPakFileMountedCallback: PakFile 'C:/Program Files/Epic Games/UE_4.27/FeaturePacks/TP_2DSideScroller.upack' (chunk index -1, root 'root:/') mounted
[2021.10.20-03.03.17:811][  0]LogShaderLibrary: Display: ShaderCodeLibraryPakFileMountedCallback: pending pak file info (ChunkID:-1 Root:root:/ File:C:/Program Files/Epic Games/UE_4.27/FeaturePacks/TP_2DSideScroller.upack)
[2021.10.20-03.03.17:811][  0]LogPakFile: OnPakFileMounted2Time == 0.000056
[2021.10.20-03.03.17:812][  0]LogPakFile: PakFile PrimaryIndexSize=192
[2021.10.20-03.03.17:812][  0]LogPakFile: PakFile PathHashIndexSize=101
[2021.10.20-03.03.17:812][  0]LogPakFile: PakFile FullDirectoryIndexSize=158
[2021.10.20-03.03.17:812][  0]LogShaderLibrary: Display: ShaderCodeLibraryPakFileMountedCallback: PakFile 'C:/Program Files/Epic Games/UE_4.27/FeaturePacks/TP_2DSideScrollerBP.upack' (chunk index -1, root 'root:/') mounted
[2021.10.20-03.03.17:812][  0]LogShaderLibrary: Display: ShaderCodeLibraryPakFileMountedCallback: pending pak file info (ChunkID:-1 Root:root:/ File:C:/Program Files/Epic Games/UE_4.27/FeaturePacks/TP_2DSideScrollerBP.upack)
[2021.10.20-03.03.17:812][  0]LogPakFile: OnPakFileMounted2Time == 0.000056
[2021.10.20-03.03.17:813][  0]LogPakFile: PakFile PrimaryIndexSize=182
[2021.10.20-03.03.17:813][  0]LogPakFile: PakFile PathHashIndexSize=101
[2021.10.20-03.03.17:813][  0]LogPakFile: PakFile FullDirectoryIndexSize=138
[2021.10.20-03.03.17:813][  0]LogShaderLibrary: Display: ShaderCodeLibraryPakFileMountedCallback: PakFile 'C:/Program Files/Epic Games/UE_4.27/FeaturePacks/TP_Flying.upack' (chunk index -1, root 'root:/') mounted
[2021.10.20-03.03.17:813][  0]LogShaderLibrary: Display: ShaderCodeLibraryPakFileMountedCallback: pending pak file info (ChunkID:-1 Root:root:/ File:C:/Program Files/Epic Games/UE_4.27/FeaturePacks/TP_Flying.upack)
[2021.10.20-03.03.17:813][  0]LogPakFile: OnPakFileMounted2Time == 0.000055
[2021.10.20-03.03.17:814][  0]LogPakFile: PakFile PrimaryIndexSize=184
[2021.10.20-03.03.17:814][  0]LogPakFile: PakFile PathHashIndexSize=101
[2021.10.20-03.03.17:815][  0]LogPakFile: PakFile FullDirectoryIndexSize=142
[2021.10.20-03.03.17:815][  0]LogShaderLibrary: Display: ShaderCodeLibraryPakFileMountedCallback: PakFile 'C:/Program Files/Epic Games/UE_4.27/FeaturePacks/TP_FlyingBP.upack' (chunk index -1, root 'root:/') mounted
[2021.10.20-03.03.17:815][  0]LogShaderLibrary: Display: ShaderCodeLibraryPakFileMountedCallback: pending pak file info (ChunkID:-1 Root:root:/ File:C:/Program Files/Epic Games/UE_4.27/FeaturePacks/TP_FlyingBP.upack)
[2021.10.20-03.03.17:815][  0]LogPakFile: OnPakFileMounted2Time == 0.000065
[2021.10.20-03.03.17:816][  0]LogPakFile: PakFile PrimaryIndexSize=188
[2021.10.20-03.03.17:816][  0]LogPakFile: PakFile PathHashIndexSize=101
[2021.10.20-03.03.17:816][  0]LogPakFile: PakFile FullDirectoryIndexSize=150
[2021.10.20-03.03.17:816][  0]LogShaderLibrary: Display: ShaderCodeLibraryPakFileMountedCallback: PakFile 'C:/Program Files/Epic Games/UE_4.27/FeaturePacks/TP_HandheldARBP.upack' (chunk index -1, root 'root:/') mounted
[2021.10.20-03.03.17:816][  0]LogShaderLibrary: Display: ShaderCodeLibraryPakFileMountedCallback: pending pak file info (ChunkID:-1 Root:root:/ File:C:/Program Files/Epic Games/UE_4.27/FeaturePacks/TP_HandheldARBP.upack)
[2021.10.20-03.03.17:816][  0]LogPakFile: OnPakFileMounted2Time == 0.000064
[2021.10.20-03.03.17:817][  0]LogPakFile: PakFile PrimaryIndexSize=182
[2021.10.20-03.03.17:817][  0]LogPakFile: PakFile PathHashIndexSize=101
[2021.10.20-03.03.17:817][  0]LogPakFile: PakFile FullDirectoryIndexSize=138
[2021.10.20-03.03.17:817][  0]LogShaderLibrary: Display: ShaderCodeLibraryPakFileMountedCallback: PakFile 'C:/Program Files/Epic Games/UE_4.27/FeaturePacks/TP_Puzzle.upack' (chunk index -1, root 'root:/') mounted
[2021.10.20-03.03.17:817][  0]LogShaderLibrary: Display: ShaderCodeLibraryPakFileMountedCallback: pending pak file info (ChunkID:-1 Root:root:/ File:C:/Program Files/Epic Games/UE_4.27/FeaturePacks/TP_Puzzle.upack)
[2021.10.20-03.03.17:817][  0]LogPakFile: OnPakFileMounted2Time == 0.000065
[2021.10.20-03.03.17:818][  0]LogPakFile: PakFile PrimaryIndexSize=184
[2021.10.20-03.03.17:818][  0]LogPakFile: PakFile PathHashIndexSize=101
[2021.10.20-03.03.17:818][  0]LogPakFile: PakFile FullDirectoryIndexSize=142
[2021.10.20-03.03.17:818][  0]LogShaderLibrary: Display: ShaderCodeLibraryPakFileMountedCallback: PakFile 'C:/Program Files/Epic Games/UE_4.27/FeaturePacks/TP_PuzzleBP.upack' (chunk index -1, root 'root:/') mounted
[2021.10.20-03.03.17:819][  0]LogShaderLibrary: Display: ShaderCodeLibraryPakFileMountedCallback: pending pak file info (ChunkID:-1 Root:root:/ File:C:/Program Files/Epic Games/UE_4.27/FeaturePacks/TP_PuzzleBP.upack)
[2021.10.20-03.03.17:819][  0]LogPakFile: OnPakFileMounted2Time == 0.000070
[2021.10.20-03.03.17:820][  0]LogPakFile: PakFile PrimaryIndexSize=183
[2021.10.20-03.03.17:820][  0]LogPakFile: PakFile PathHashIndexSize=101
[2021.10.20-03.03.17:820][  0]LogPakFile: PakFile FullDirectoryIndexSize=140
[2021.10.20-03.03.17:820][  0]LogShaderLibrary: Display: ShaderCodeLibraryPakFileMountedCallback: PakFile 'C:/Program Files/Epic Games/UE_4.27/FeaturePacks/TP_Rolling.upack' (chunk index -1, root 'root:/') mounted
[2021.10.20-03.03.17:820][  0]LogShaderLibrary: Display: ShaderCodeLibraryPakFileMountedCallback: pending pak file info (ChunkID:-1 Root:root:/ File:C:/Program Files/Epic Games/UE_4.27/FeaturePacks/TP_Rolling.upack)
[2021.10.20-03.03.17:820][  0]LogPakFile: OnPakFileMounted2Time == 0.000077
[2021.10.20-03.03.17:821][  0]LogPakFile: PakFile PrimaryIndexSize=185
[2021.10.20-03.03.17:821][  0]LogPakFile: PakFile PathHashIndexSize=101
[2021.10.20-03.03.17:821][  0]LogPakFile: PakFile FullDirectoryIndexSize=144
[2021.10.20-03.03.17:821][  0]LogShaderLibrary: Display: ShaderCodeLibraryPakFileMountedCallback: PakFile 'C:/Program Files/Epic Games/UE_4.27/FeaturePacks/TP_RollingBP.upack' (chunk index -1, root 'root:/') mounted
[2021.10.20-03.03.17:821][  0]LogShaderLibrary: Display: ShaderCodeLibraryPakFileMountedCallback: pending pak file info (ChunkID:-1 Root:root:/ File:C:/Program Files/Epic Games/UE_4.27/FeaturePacks/TP_RollingBP.upack)
[2021.10.20-03.03.17:821][  0]LogPakFile: OnPakFileMounted2Time == 0.000079
[2021.10.20-03.03.17:823][  0]LogPakFile: PakFile PrimaryIndexSize=188
[2021.10.20-03.03.17:823][  0]LogPakFile: PakFile PathHashIndexSize=101
[2021.10.20-03.03.17:823][  0]LogPakFile: PakFile FullDirectoryIndexSize=150
[2021.10.20-03.03.17:823][  0]LogShaderLibrary: Display: ShaderCodeLibraryPakFileMountedCallback: PakFile 'C:/Program Files/Epic Games/UE_4.27/FeaturePacks/TP_SideScroller.upack' (chunk index -1, root 'root:/') mounted
[2021.10.20-03.03.17:823][  0]LogShaderLibrary: Display: ShaderCodeLibraryPakFileMountedCallback: pending pak file info (ChunkID:-1 Root:root:/ File:C:/Program Files/Epic Games/UE_4.27/FeaturePacks/TP_SideScroller.upack)
[2021.10.20-03.03.17:823][  0]LogPakFile: OnPakFileMounted2Time == 0.000089
[2021.10.20-03.03.17:824][  0]LogPakFile: PakFile PrimaryIndexSize=190
[2021.10.20-03.03.17:824][  0]LogPakFile: PakFile PathHashIndexSize=101
[2021.10.20-03.03.17:824][  0]LogPakFile: PakFile FullDirectoryIndexSize=154
[2021.10.20-03.03.17:824][  0]LogShaderLibrary: Display: ShaderCodeLibraryPakFileMountedCallback: PakFile 'C:/Program Files/Epic Games/UE_4.27/FeaturePacks/TP_SideScrollerBP.upack' (chunk index -1, root 'root:/') mounted
[2021.10.20-03.03.17:824][  0]LogShaderLibrary: Display: ShaderCodeLibraryPakFileMountedCallback: pending pak file info (ChunkID:-1 Root:root:/ File:C:/Program Files/Epic Games/UE_4.27/FeaturePacks/TP_SideScrollerBP.upack)
[2021.10.20-03.03.17:824][  0]LogPakFile: OnPakFileMounted2Time == 0.000071
[2021.10.20-03.03.17:825][  0]LogPakFile: PakFile PrimaryIndexSize=187
[2021.10.20-03.03.17:825][  0]LogPakFile: PakFile PathHashIndexSize=101
[2021.10.20-03.03.17:825][  0]LogPakFile: PakFile FullDirectoryIndexSize=148
[2021.10.20-03.03.17:825][  0]LogShaderLibrary: Display: ShaderCodeLibraryPakFileMountedCallback: PakFile 'C:/Program Files/Epic Games/UE_4.27/FeaturePacks/TP_ThirdPerson.upack' (chunk index -1, root 'root:/') mounted
[2021.10.20-03.03.17:825][  0]LogShaderLibrary: Display: ShaderCodeLibraryPakFileMountedCallback: pending pak file info (ChunkID:-1 Root:root:/ File:C:/Program Files/Epic Games/UE_4.27/FeaturePacks/TP_ThirdPerson.upack)
[2021.10.20-03.03.17:825][  0]LogPakFile: OnPakFileMounted2Time == 0.000061
[2021.10.20-03.03.17:826][  0]LogPakFile: PakFile PrimaryIndexSize=189
[2021.10.20-03.03.17:826][  0]LogPakFile: PakFile PathHashIndexSize=101
[2021.10.20-03.03.17:826][  0]LogPakFile: PakFile FullDirectoryIndexSize=152
[2021.10.20-03.03.17:826][  0]LogShaderLibrary: Display: ShaderCodeLibraryPakFileMountedCallback: PakFile 'C:/Program Files/Epic Games/UE_4.27/FeaturePacks/TP_ThirdPersonBP.upack' (chunk index -1, root 'root:/') mounted
[2021.10.20-03.03.17:826][  0]LogShaderLibrary: Display: ShaderCodeLibraryPakFileMountedCallback: pending pak file info (ChunkID:-1 Root:root:/ File:C:/Program Files/Epic Games/UE_4.27/FeaturePacks/TP_ThirdPersonBP.upack)
[2021.10.20-03.03.17:826][  0]LogPakFile: OnPakFileMounted2Time == 0.000058
[2021.10.20-03.03.17:827][  0]LogPakFile: PakFile PrimaryIndexSize=183
[2021.10.20-03.03.17:827][  0]LogPakFile: PakFile PathHashIndexSize=101
[2021.10.20-03.03.17:828][  0]LogPakFile: PakFile FullDirectoryIndexSize=140
[2021.10.20-03.03.17:828][  0]LogShaderLibrary: Display: ShaderCodeLibraryPakFileMountedCallback: PakFile 'C:/Program Files/Epic Games/UE_4.27/FeaturePacks/TP_TopDown.upack' (chunk index -1, root 'root:/') mounted
[2021.10.20-03.03.17:828][  0]LogShaderLibrary: Display: ShaderCodeLibraryPakFileMountedCallback: pending pak file info (ChunkID:-1 Root:root:/ File:C:/Program Files/Epic Games/UE_4.27/FeaturePacks/TP_TopDown.upack)
[2021.10.20-03.03.17:828][  0]LogPakFile: OnPakFileMounted2Time == 0.000084
[2021.10.20-03.03.17:829][  0]LogPakFile: PakFile PrimaryIndexSize=185
[2021.10.20-03.03.17:829][  0]LogPakFile: PakFile PathHashIndexSize=101
[2021.10.20-03.03.17:829][  0]LogPakFile: PakFile FullDirectoryIndexSize=144
[2021.10.20-03.03.17:829][  0]LogShaderLibrary: Display: ShaderCodeLibraryPakFileMountedCallback: PakFile 'C:/Program Files/Epic Games/UE_4.27/FeaturePacks/TP_TopDownBP.upack' (chunk index -1, root 'root:/') mounted
[2021.10.20-03.03.17:829][  0]LogShaderLibrary: Display: ShaderCodeLibraryPakFileMountedCallback: pending pak file info (ChunkID:-1 Root:root:/ File:C:/Program Files/Epic Games/UE_4.27/FeaturePacks/TP_TopDownBP.upack)
[2021.10.20-03.03.17:829][  0]LogPakFile: OnPakFileMounted2Time == 0.000072
[2021.10.20-03.03.17:830][  0]LogPakFile: PakFile PrimaryIndexSize=185
[2021.10.20-03.03.17:830][  0]LogPakFile: PakFile PathHashIndexSize=101
[2021.10.20-03.03.17:830][  0]LogPakFile: PakFile FullDirectoryIndexSize=144
[2021.10.20-03.03.17:830][  0]LogShaderLibrary: Display: ShaderCodeLibraryPakFileMountedCallback: PakFile 'C:/Program Files/Epic Games/UE_4.27/FeaturePacks/TP_TwinStick.upack' (chunk index -1, root 'root:/') mounted
[2021.10.20-03.03.17:830][  0]LogShaderLibrary: Display: ShaderCodeLibraryPakFileMountedCallback: pending pak file info (ChunkID:-1 Root:root:/ File:C:/Program Files/Epic Games/UE_4.27/FeaturePacks/TP_TwinStick.upack)
[2021.10.20-03.03.17:830][  0]LogPakFile: OnPakFileMounted2Time == 0.000070
[2021.10.20-03.03.17:832][  0]LogPakFile: PakFile PrimaryIndexSize=187
[2021.10.20-03.03.17:832][  0]LogPakFile: PakFile PathHashIndexSize=101
[2021.10.20-03.03.17:832][  0]LogPakFile: PakFile FullDirectoryIndexSize=148
[2021.10.20-03.03.17:832][  0]LogShaderLibrary: Display: ShaderCodeLibraryPakFileMountedCallback: PakFile 'C:/Program Files/Epic Games/UE_4.27/FeaturePacks/TP_TwinStickBP.upack' (chunk index -1, root 'root:/') mounted
[2021.10.20-03.03.17:832][  0]LogShaderLibrary: Display: ShaderCodeLibraryPakFileMountedCallback: pending pak file info (ChunkID:-1 Root:root:/ File:C:/Program Files/Epic Games/UE_4.27/FeaturePacks/TP_TwinStickBP.upack)
[2021.10.20-03.03.17:832][  0]LogPakFile: OnPakFileMounted2Time == 0.000073
[2021.10.20-03.03.17:833][  0]LogPakFile: PakFile PrimaryIndexSize=183
[2021.10.20-03.03.17:833][  0]LogPakFile: PakFile PathHashIndexSize=101
[2021.10.20-03.03.17:833][  0]LogPakFile: PakFile FullDirectoryIndexSize=140
[2021.10.20-03.03.17:833][  0]LogShaderLibrary: Display: ShaderCodeLibraryPakFileMountedCallback: PakFile 'C:/Program Files/Epic Games/UE_4.27/FeaturePacks/TP_Vehicle.upack' (chunk index -1, root 'root:/') mounted
[2021.10.20-03.03.17:833][  0]LogShaderLibrary: Display: ShaderCodeLibraryPakFileMountedCallback: pending pak file info (ChunkID:-1 Root:root:/ File:C:/Program Files/Epic Games/UE_4.27/FeaturePacks/TP_Vehicle.upack)
[2021.10.20-03.03.17:833][  0]LogPakFile: OnPakFileMounted2Time == 0.000084
[2021.10.20-03.03.17:835][  0]LogPakFile: PakFile PrimaryIndexSize=186
[2021.10.20-03.03.17:835][  0]LogPakFile: PakFile PathHashIndexSize=101
[2021.10.20-03.03.17:835][  0]LogPakFile: PakFile FullDirectoryIndexSize=146
[2021.10.20-03.03.17:835][  0]LogShaderLibrary: Display: ShaderCodeLibraryPakFileMountedCallback: PakFile 'C:/Program Files/Epic Games/UE_4.27/FeaturePacks/TP_VehicleAdv.upack' (chunk index -1, root 'root:/') mounted
[2021.10.20-03.03.17:835][  0]LogShaderLibrary: Display: ShaderCodeLibraryPakFileMountedCallback: pending pak file info (ChunkID:-1 Root:root:/ File:C:/Program Files/Epic Games/UE_4.27/FeaturePacks/TP_VehicleAdv.upack)
[2021.10.20-03.03.17:835][  0]LogPakFile: OnPakFileMounted2Time == 0.000102
[2021.10.20-03.03.17:836][  0]LogPakFile: PakFile PrimaryIndexSize=188
[2021.10.20-03.03.17:836][  0]LogPakFile: PakFile PathHashIndexSize=101
[2021.10.20-03.03.17:836][  0]LogPakFile: PakFile FullDirectoryIndexSize=150
[2021.10.20-03.03.17:836][  0]LogShaderLibrary: Display: ShaderCodeLibraryPakFileMountedCallback: PakFile 'C:/Program Files/Epic Games/UE_4.27/FeaturePacks/TP_VehicleAdvBP.upack' (chunk index -1, root 'root:/') mounted
[2021.10.20-03.03.17:836][  0]LogShaderLibrary: Display: ShaderCodeLibraryPakFileMountedCallback: pending pak file info (ChunkID:-1 Root:root:/ File:C:/Program Files/Epic Games/UE_4.27/FeaturePacks/TP_VehicleAdvBP.upack)
[2021.10.20-03.03.17:836][  0]LogPakFile: OnPakFileMounted2Time == 0.000078
[2021.10.20-03.03.17:838][  0]LogPakFile: PakFile PrimaryIndexSize=185
[2021.10.20-03.03.17:838][  0]LogPakFile: PakFile PathHashIndexSize=101
[2021.10.20-03.03.17:838][  0]LogPakFile: PakFile FullDirectoryIndexSize=144
[2021.10.20-03.03.17:838][  0]LogShaderLibrary: Display: ShaderCodeLibraryPakFileMountedCallback: PakFile 'C:/Program Files/Epic Games/UE_4.27/FeaturePacks/TP_VehicleBP.upack' (chunk index -1, root 'root:/') mounted
[2021.10.20-03.03.17:838][  0]LogShaderLibrary: Display: ShaderCodeLibraryPakFileMountedCallback: pending pak file info (ChunkID:-1 Root:root:/ File:C:/Program Files/Epic Games/UE_4.27/FeaturePacks/TP_VehicleBP.upack)
[2021.10.20-03.03.17:838][  0]LogPakFile: OnPakFileMounted2Time == 0.000089
[2021.10.20-03.03.17:839][  0]LogPakFile: PakFile PrimaryIndexSize=192
[2021.10.20-03.03.17:839][  0]LogPakFile: PakFile PathHashIndexSize=101
[2021.10.20-03.03.17:839][  0]LogPakFile: PakFile FullDirectoryIndexSize=158
[2021.10.20-03.03.17:839][  0]LogShaderLibrary: Display: ShaderCodeLibraryPakFileMountedCallback: PakFile 'C:/Program Files/Epic Games/UE_4.27/FeaturePacks/TP_VirtualRealityBP.upack' (chunk index -1, root 'root:/') mounted
[2021.10.20-03.03.17:839][  0]LogShaderLibrary: Display: ShaderCodeLibraryPakFileMountedCallback: pending pak file info (ChunkID:-1 Root:root:/ File:C:/Program Files/Epic Games/UE_4.27/FeaturePacks/TP_VirtualRealityBP.upack)
[2021.10.20-03.03.17:839][  0]LogPakFile: OnPakFileMounted2Time == 0.000077
[2021.10.20-03.03.17:939][  0]LogNativeClassHierarchy: Verbose: Native class hierarchy updated for 'AddContentDialog' in 0.0005 seconds. Added 0 classes and 0 folders.
[2021.10.20-03.03.17:941][  0]LogNativeClassHierarchy: Verbose: Native class hierarchy updated for 'SceneOutliner' in 0.0005 seconds. Added 2 classes and 0 folders.
[2021.10.20-03.03.18:087][  0]LogSlate: Took 0.000599 seconds to synchronously load lazily loaded font '../../../Engine/Content/Slate/Fonts/Roboto-Regular.ttf' (155K)
[2021.10.20-03.03.18:091][  0]LogSlate: Took 0.000497 seconds to synchronously load lazily loaded font '../../../Engine/Content/Editor/Slate/Fonts/FontAwesome.ttf' (139K)
[2021.10.20-03.03.18:095][  0]LogSlate: Took 0.000498 seconds to synchronously load lazily loaded font '../../../Engine/Content/Slate/Fonts/Roboto-Bold.ttf' (160K)
[2021.10.20-03.03.18:417][  0]LogRenderer: Reallocating scene render targets to support 1288x660 Format 10 NumSamples 1 (Frame:1).
[2021.10.20-03.03.19:223][  0]LogD3D12RHI: Creating RTPSO with 133 shaders (0 cached, 133 new) took 771.65 ms. Compile time 720.80 ms, link time 49.90 ms.
[2021.10.20-03.03.19:431][  0]LogD3D12RHI: Creating RT View Heap with 250000 entries
[2021.10.20-03.03.19:480][  0]LogD3D12RHI: Creating RT Sampler Heap with 2048 entries
[2021.10.20-03.03.21:662][  0]LogD3D12RHI: Creating RTPSO with 8 shaders (0 cached, 8 new) took 2178.29 ms. Compile time 69.08 ms, link time 2109.16 ms.
[2021.10.20-03.03.21:662][  0]LogD3D12RHI: Creating RT View Heap with 250000 entries
[2021.10.20-03.03.21:708][  0]LogD3D12RHI: Creating RT Sampler Heap with 2048 entries
[2021.10.20-03.03.21:871][  0]LogD3D12RHI: Creating RTPSO with 3 shaders (2 cached, 1 new) took 157.99 ms. Compile time 1.94 ms, link time 156.02 ms.
[2021.10.20-03.03.21:871][  0]LogD3D12RHI: Creating RT View Heap with 250000 entries
[2021.10.20-03.03.21:914][  0]LogD3D12RHI: Creating RT Sampler Heap with 2048 entries
[2021.10.20-03.03.22:370][  0]LogNativeClassHierarchy: Verbose: Native class hierarchy updated for 'HierarchicalLODOutliner' in 0.0003 seconds. Added 0 classes and 0 folders.
[2021.10.20-03.03.22:370][  0]LogLoad: (Engine Initialization) Total time: 22.12 seconds
[2021.10.20-03.03.22:370][  0]LogLoad: (Engine Initialization) Total Blueprint compile time: 0.00 seconds
[2021.10.20-03.03.22:437][  0]LogAssetRegistry: Asset discovery search completed in 14.0758 seconds
[2021.10.20-03.03.22:445][  0]LogCollectionManager: Fixed up redirectors for 0 collections in 0.000003 seconds (updated 0 objects)
[2021.10.20-03.03.22:447][  0]LogContentStreaming: Texture pool size now 1000 MB
[2021.10.20-03.03.22:602][  3]LogD3D12RHI: Creating RTPSO with 134 shaders (0 cached, 1 new) took 15.33 ms. Compile time 3.28 ms, link time 11.46 ms.
[2021.10.20-03.03.22:730][  3]LogSlate: Took 0.000551 seconds to synchronously load lazily loaded font '../../../Engine/Content/Slate/Fonts/Roboto-Light.ttf' (167K)
